Input File: img/2.svg
Output File: img/gcode_output/2.gcode
Log File: img/log/2.log

wdth: 400
hght: 356.23409669211196
scale: 0.375
x%: 0.375
y%: 0.421071428571
--Found Elem: <Element '{http://www.w3.org/2000/svg}svg' at 0x7fc3dd58fdd0>
  --No Name: svg
--Found Elem: <Element '{http://www.w3.org/2000/svg}g' at 0x7fc3dd521490>
  --No Name: g
--Found Elem: <Element '{http://www.w3.org/2000/svg}path' at 0x7fc3dd5214d0>
  --Name: path
	Class : <class 'shapes.path'>
	Object: <Element '{http://www.w3.org/2000/svg}path' at 0x7fc3dd5214d0>
	Attrs : [('d', 'M181.170 2.675 C 66.576 17.119,19.043 148.799,100.264 226.811 C 184.899 308.103,328.342 254.292,334.520 138.931 C 338.768 59.611,263.071 -7.648,181.170 2.675 M224.306 9.729 C 245.340 14.089,261.738 21.766,265.335 28.936 C 270.261 38.756,283.316 61.580,284.404 62.273 C 285.005 62.656,292.366 68.264,300.763 74.736 C 310.207 82.015,316.793 86.408,318.030 86.254 C 322.128 85.744,328.531 109.960,329.490 129.593 L 330.078 141.628 322.982 148.931 C 309.921 162.375,297.201 177.088,297.201 178.753 C 297.201 179.660,294.267 190.078,290.680 201.906 C 287.094 213.733,283.845 224.925,283.462 226.776 C 281.778 234.900,249.595 252.534,228.499 256.892 L 225.445 257.523 228.866 254.547 C 233.322 250.671,233.796 251.144,213.471 239.207 C 203.823 233.542,195.187 228.397,194.281 227.774 C 192.753 226.724,142.963 232.271,141.589 233.644 C 141.337 233.896,141.848 237.422,142.725 241.479 C 144.703 250.631,145.011 250.418,136.142 246.013 C 107.097 231.587,79.815 201.158,71.764 174.213 C 70.928 171.415,69.824 170.944,87.405 180.884 C 94.261 184.760,99.356 187.056,99.898 186.514 C 100.402 186.011,102.859 174.714,105.359 161.409 L 109.905 137.220 102.450 121.791 C 98.350 113.305,93.703 103.479,92.123 99.956 C 88.513 91.907,88.821 91.784,76.476 106.175 C 70.801 112.791,66.158 117.515,66.158 116.675 C 66.158 92.718,95.175 45.455,118.007 32.222 L 121.242 30.347 120.523 36.705 L 119.803 43.062 123.260 42.368 C 125.162 41.985,136.565 40.065,148.601 38.099 C 160.636 36.134,171.019 34.200,171.674 33.802 C 181.096 28.078,204.602 9.668,204.113 8.394 C 203.413 6.568,211.702 7.116,224.306 9.729 M180.375 102.263 L 164.822 128.107 184.447 152.028 C 195.240 165.184,204.591 176.173,205.226 176.447 C 206.313 176.916,261.330 154.358,262.748 152.861 C 263.707 151.850,258.087 90.739,256.942 89.716 C 256.139 89.000,197.997 76.160,196.438 76.355 C 196.158 76.390,188.930 88.048,180.375 102.263 M68.931 162.341 C 68.382 166.012,65.133 146.206,65.258 139.949 C 65.365 134.645,65.634 135.582,67.309 147.074 C 68.369 154.351,69.099 161.221,68.931 162.341 '), ('stroke', 'none'), ('fill', '#000000'), ('id', 'path0'), ('fill-rule', 'evenodd')]
	Transform: None
	d: M181.170 2.675 C 66.576 17.119,19.043 148.799,100.264 226.811 C 184.899 308.103,328.342 254.292,334.520 138.931 C 338.768 59.611,263.071 -7.648,181.170 2.675 M224.306 9.729 C 245.340 14.089,261.738 21.766,265.335 28.936 C 270.261 38.756,283.316 61.580,284.404 62.273 C 285.005 62.656,292.366 68.264,300.763 74.736 C 310.207 82.015,316.793 86.408,318.030 86.254 C 322.128 85.744,328.531 109.960,329.490 129.593 L 330.078 141.628 322.982 148.931 C 309.921 162.375,297.201 177.088,297.201 178.753 C 297.201 179.660,294.267 190.078,290.680 201.906 C 287.094 213.733,283.845 224.925,283.462 226.776 C 281.778 234.900,249.595 252.534,228.499 256.892 L 225.445 257.523 228.866 254.547 C 233.322 250.671,233.796 251.144,213.471 239.207 C 203.823 233.542,195.187 228.397,194.281 227.774 C 192.753 226.724,142.963 232.271,141.589 233.644 C 141.337 233.896,141.848 237.422,142.725 241.479 C 144.703 250.631,145.011 250.418,136.142 246.013 C 107.097 231.587,79.815 201.158,71.764 174.213 C 70.928 171.415,69.824 170.944,87.405 180.884 C 94.261 184.760,99.356 187.056,99.898 186.514 C 100.402 186.011,102.859 174.714,105.359 161.409 L 109.905 137.220 102.450 121.791 C 98.350 113.305,93.703 103.479,92.123 99.956 C 88.513 91.907,88.821 91.784,76.476 106.175 C 70.801 112.791,66.158 117.515,66.158 116.675 C 66.158 92.718,95.175 45.455,118.007 32.222 L 121.242 30.347 120.523 36.705 L 119.803 43.062 123.260 42.368 C 125.162 41.985,136.565 40.065,148.601 38.099 C 160.636 36.134,171.019 34.200,171.674 33.802 C 181.096 28.078,204.602 9.668,204.113 8.394 C 203.413 6.568,211.702 7.116,224.306 9.729 M180.375 102.263 L 164.822 128.107 184.447 152.028 C 195.240 165.184,204.591 176.173,205.226 176.447 C 206.313 176.916,261.330 154.358,262.748 152.861 C 263.707 151.850,258.087 90.739,256.942 89.716 C 256.139 89.000,197.997 76.160,196.438 76.355 C 196.158 76.390,188.930 88.048,180.375 102.263 M68.931 162.341 C 68.382 166.012,65.133 146.206,65.258 139.949 C 65.365 134.645,65.634 135.582,67.309 147.074 C 68.369 154.351,69.099 161.221,68.931 162.341 
	m: None
	d is GOOD!
	Points: <generator object point_generator at 0x7fc3dd598730>
	  pt: (67.93875, 148.996875)
	    --Point printed
	  pt: (66.5958515625, 148.827609375)
	    --Point printed
	  pt: (62.69136064910889, 148.10905865478514)
	    --Point printed
	  pt: (58.939868728637705, 147.14855603027343)
	    --Point printed
	  pt: (55.345611923217774, 145.95783654785157)
	    --Point printed
	  pt: (51.91282635498047, 144.54863525390624)
	    --Point printed
	  pt: (48.64574814605713, 142.9326871948242)
	    --Point printed
	  pt: (45.548613418579095, 141.1217274169922)
	    --Point printed
	  pt: (42.625658294677734, 139.12749096679687)
	    --Point printed
	  pt: (39.88111889648437, 136.961712890625)
	    --Point printed
	  pt: (37.319231346130366, 134.6361282348633)
	    --Point printed
	  pt: (34.94423176574706, 132.16247204589843)
	    --Point printed
	  pt: (32.76035627746582, 129.5524793701172)
	    --Point printed
	  pt: (30.77184100341797, 126.81788525390624)
	    --Point printed
	  pt: (28.98292206573486, 123.97042474365234)
	    --Point printed
	  pt: (27.397835586547853, 121.02183288574219)
	    --Point printed
	  pt: (26.02081768798828, 117.9838447265625)
	    --Point printed
	  pt: (24.856104492187498, 114.8681953125)
	    --Point printed
	  pt: (23.907932121276854, 111.68661968994141)
	    --Point printed
	  pt: (23.180536697387694, 108.45085290527344)
	    --Point printed
	  pt: (22.678154342651368, 105.1726300048828)
	    --Point printed
	  pt: (22.40502117919922, 101.86368603515625)
	    --Point printed
	  pt: (22.365373329162598, 98.53575604248047)
	    --Point printed
	  pt: (22.563446914672852, 95.20057507324219)
	    --Point printed
	  pt: (23.00347805786133, 91.86987817382811)
	    --Point printed
	  pt: (23.689702880859375, 88.555400390625)
	    --Point printed
	  pt: (24.62635750579834, 85.26887677001952)
	    --Point printed
	  pt: (25.817678054809573, 82.02204235839844)
	    --Point printed
	  pt: (27.267900650024412, 78.82663220214846)
	    --Point printed
	  pt: (28.981261413574213, 75.69438134765625)
	    --Point printed
	  pt: (30.961996467590325, 72.6370248413086)
	    --Point printed
	  pt: (33.21434193420409, 69.66629772949219)
	    --Point printed
	  pt: (35.742533935546874, 66.79393505859375)
	    --Point printed
	  pt: (38.59081640625, 63.993234374999986)
	    --Point printed
	  pt: (41.66945853424072, 61.38100998687743)
	    --Point printed
	  pt: (44.85936643981934, 59.05890879821776)
	    --Point printed
	  pt: (48.14707685852051, 57.02188032531737)
	    --Point printed
	  pt: (51.51912652587891, 55.26487408447265)
	    --Point printed
	  pt: (54.96205217742921, 53.78283959197999)
	    --Point printed
	  pt: (58.462390548706054, 52.57072636413575)
	    --Point printed
	  pt: (62.006678375244135, 51.62348391723634)
	    --Point printed
	  pt: (65.58145239257813, 50.93606176757811)
	    --Point printed
	  pt: (69.17324933624266, 50.50340943145753)
	    --Point printed
	  pt: (72.76860594177245, 50.32047642517091)
	    --Point printed
	  pt: (76.35405894470215, 50.382212265014644)
	    --Point printed
	  pt: (79.9161450805664, 50.68356646728516)
	    --Point printed
	  pt: (83.4414010848999, 51.21948854827885)
	    --Point printed
	  pt: (86.9163636932373, 51.984928024292)
	    --Point printed
	  pt: (90.32756964111329, 52.9748344116211)
	    --Point printed
	  pt: (93.6615556640625, 54.18415722656252)
	    --Point printed
	  pt: (96.90485849761961, 55.60784598541261)
	    --Point printed
	  pt: (100.04401487731934, 57.24085020446779)
	    --Point printed
	  pt: (103.06556153869627, 59.07811940002442)
	    --Point printed
	  pt: (105.95603521728515, 61.114603088378914)
	    --Point printed
	  pt: (108.70197264862058, 63.345250785827645)
	    --Point printed
	  pt: (111.2899105682373, 65.765012008667)
	    --Point printed
	  pt: (113.70638571166992, 68.36883627319337)
	    --Point printed
	  pt: (115.93793481445314, 71.15167309570313)
	    --Point printed
	  pt: (117.97109461212159, 74.10847199249268)
	    --Point printed
	  pt: (119.79240184020996, 77.2341824798584)
	    --Point printed
	  pt: (121.38839323425292, 80.52375407409669)
	    --Point printed
	  pt: (122.74560552978517, 83.9721362915039)
	    --Point printed
	  pt: (123.85057546234133, 87.57427864837646)
	    --Point printed
	  pt: (124.68983976745605, 91.32513066101073)
	    --Point printed
	  pt: (125.24993518066405, 95.21964184570312)
	    --Point printed
	  pt: (125.49478124999999, 98.83040625000001)
	    --Point printed
	  pt: (125.49942913055419, 101.5954159927368)
	    --Point printed
	  pt: (125.33516780090332, 104.32792588806151)
	    --Point printed
	  pt: (125.00706065368652, 107.02343696594238)
	    --Point printed
	  pt: (124.52017108154298, 109.67745025634765)
	    --Point printed
	  pt: (123.87956247711182, 112.2854667892456)
	    --Point printed
	  pt: (123.09029823303221, 114.8429875946045)
	    --Point printed
	  pt: (122.15744174194336, 117.34551370239258)
	    --Point printed
	  pt: (121.08605639648437, 119.78854614257813)
	    --Point printed
	  pt: (119.88120558929442, 122.16758594512939)
	    --Point printed
	  pt: (118.54795271301268, 124.47813414001465)
	    --Point printed
	  pt: (117.0913611602783, 126.71569175720215)
	    --Point printed
	  pt: (115.51649432373046, 128.87575982666016)
	    --Point printed
	  pt: (113.82841559600828, 130.95383937835692)
	    --Point printed
	  pt: (112.03218836975097, 132.94543144226074)
	    --Point printed
	  pt: (110.13287603759764, 134.84603704833984)
	    --Point printed
	  pt: (108.1355419921875, 136.6511572265625)
	    --Point printed
	  pt: (106.04524962615965, 138.35629300689698)
	    --Point printed
	  pt: (103.86706233215332, 139.95694541931152)
	    --Point printed
	  pt: (101.60604350280761, 141.4486154937744)
	    --Point printed
	  pt: (99.26725653076173, 142.8268042602539)
	    --Point printed
	  pt: (96.8557648086548, 144.08701274871825)
	    --Point printed
	  pt: (94.37663172912596, 145.22474198913574)
	    --Point printed
	  pt: (91.83492068481445, 146.2354930114746)
	    --Point printed
	  pt: (89.23569506835936, 147.11476684570312)
	    --Point printed
	  pt: (86.5840182723999, 147.85806452178954)
	    --Point printed
	  pt: (83.88495368957518, 148.46088706970215)
	    --Point printed
	  pt: (81.14356471252441, 148.91873551940918)
	    --Point printed
	  pt: (78.3649147338867, 149.2271109008789)
	    --Point printed
	  pt: (75.55406714630126, 149.3815142440796)
	    --Point printed
	  pt: (72.71608534240724, 149.3774465789795)
	    --Point printed
	  pt: (69.85603271484375, 149.21040893554687)
	    --Point printed
	  pt: (67.93875, 148.996875)
	    --Point printed
	  pt: (85.10071875, 146.14725)
	    --Point printed
	  pt: (87.91084423828124, 145.442548828125)
	    --Point printed
	  pt: (90.5101435546875, 144.643640625)
	    --Point printed
	  pt: (92.86273535156249, 143.767330078125)
	    --Point printed
	  pt: (94.93273828125, 142.830421875)
	    --Point printed
	  pt: (96.68427099609374, 141.849720703125)
	    --Point printed
	  pt: (98.08145214843749, 140.84203125)
	    --Point printed
	  pt: (99.088400390625, 139.824158203125)
	    --Point printed
	  pt: (100.42425, 137.30775)
	    --Point printed
	  pt: (104.36868750000001, 130.2985546875)
	    --Point printed
	  pt: (106.16702343749999, 127.2962578125)
	    --Point printed
	  pt: (106.876875, 126.504)
	    --Point printed
	  pt: (114.556875, 120.60918749999999)
	    --Point printed
	  pt: (117.7368515625, 118.3961953125)
	    --Point printed
	  pt: (118.90394531249999, 117.73244531249999)
	    --Point printed
	  pt: (119.35729687499999, 117.666703125)
	    --Point printed
	  pt: (119.6609009399414, 117.5268305053711)
	    --Point printed
	  pt: (120.08580322265622, 117.06891357421875)
	    --Point printed
	  pt: (120.7538935546875, 115.7616298828125)
	    --Point printed
	  pt: (121.4235615234375, 113.8856044921875)
	    --Point printed
	  pt: (122.06075390624999, 111.56963671874999)
	    --Point printed
	  pt: (122.63141748046874, 108.94252587890625)
	    --Point printed
	  pt: (123.10149902343751, 106.1330712890625)
	    --Point printed
	  pt: (123.4369453125, 103.270072265625)
	    --Point printed
	  pt: (123.55875, 101.402625)
	    --Point printed
	  pt: (123.77924999999999, 96.8895)
	    --Point printed
	  pt: (119.89378125000002, 92.89049999999999)
	    --Point printed
	  pt: (116.40540234375001, 89.12844140625)
	    --Point printed
	  pt: (113.5452421875, 85.85903906250002)
	    --Point printed
	  pt: (112.01035839843752, 83.9275400390625)
	    --Point printed
	  pt: (111.52490625000002, 83.20017187500001)
	    --Point printed
	  pt: (111.45037500000001, 82.7975625)
	    --Point printed
	  pt: (110.28890625, 78.5885625)
	    --Point printed
	  pt: (107.66024999999999, 69.85012499999999)
	    --Point printed
	  pt: (106.25878125, 64.76859375000001)
	    --Point printed
	  pt: (105.9246082763672, 64.13189392089845)
	    --Point printed
	  pt: (105.1498916015625, 63.1905146484375)
	    --Point printed
	  pt: (103.251908203125, 61.602017578125)
	    --Point printed
	  pt: (100.70811328125001, 59.91283007812501)
	    --Point printed
	  pt: (97.70125781249999, 58.2230859375)
	    --Point printed
	  pt: (94.41409277343752, 56.6329189453125)
	    --Point printed
	  pt: (91.029369140625, 55.24246289062499)
	    --Point printed
	  pt: (87.729837890625, 54.1518515625)
	    --Point printed
	  pt: (85.687125, 53.66550000000001)
	    --Point printed
	  pt: (84.541875, 53.42887499999999)
	    --Point printed
	  pt: (86.033625, 54.7265625)
	    --Point printed
	  pt: (86.51895556640625, 55.16876220703125)
	    --Point printed
	  pt: (86.7657568359375, 55.556264648437505)
	    --Point printed
	  pt: (86.70012597656249, 55.96271777343752)
	    --Point printed
	  pt: (86.24816015625001, 56.46176953125)
	    --Point printed
	  pt: (85.33595654296876, 57.12706787109374)
	    --Point printed
	  pt: (83.3750859375, 58.350046875000004)
	    --Point printed
	  pt: (76.433625, 62.42175)
	    --Point printed
	  pt: (72.78375, 64.63396875)
	    --Point printed
	  pt: (71.2965673828125, 64.60413134765625)
	    --Point printed
	  pt: (67.7596171875, 64.33163671874999)
	    --Point printed
	  pt: (60.552046875, 63.5572734375)
	    --Point printed
	  pt: (55.404169921875, 62.869397460937506)
	    --Point printed
	  pt: (53.50837500000001, 62.53667578125)
	    --Point printed
	  pt: (53.048625, 62.33625000000001)
	    --Point printed
	  pt: (53.227312500000004, 60.916968749999995)
	    --Point printed
	  pt: (53.70731249999999, 58.58737500000001)
	    --Point printed
	  pt: (53.9483642578125, 57.274877929687506)
	    --Point printed
	  pt: (53.928213867187495, 56.829788085937494)
	    --Point printed
	  pt: (53.739386718750005, 56.638160156249995)
	    --Point printed
	  pt: (53.34889306640625, 56.677261230468744)
	    --Point printed
	  pt: (52.5011015625, 57.0174375)
	    --Point printed
	  pt: (50.3725078125, 58.08323437499999)
	    --Point printed
	  pt: (48.34639233398437, 59.21120379638673)
	    --Point printed
	  pt: (46.34856591796875, 60.46555187988281)
	    --Point printed
	  pt: (44.3886240234375, 61.83557409667969)
	    --Point printed
	  pt: (41.841667968749995, 63.8076650390625)
	    --Point printed
	  pt: (38.239880859375, 67.0878251953125)
	    --Point printed
	  pt: (34.95595312499999, 70.64513671875)
	    --Point printed
	  pt: (32.53581591796874, 73.7654249267578)
	    --Point printed
	  pt: (31.224386718749997, 75.67547717285156)
	    --Point printed
	  pt: (30.037201171874997, 77.60486279296875)
	    --Point printed
	  pt: (28.98385473632812, 79.54287725830079)
	    --Point printed
	  pt: (28.073942871093745, 81.47881604003906)
	    --Point printed
	  pt: (27.31706103515625, 83.401974609375)
	    --Point printed
	  pt: (26.833125000000003, 84.9324375)
	    --Point printed
	  pt: (26.778641601562498, 85.29901171875)
	    --Point printed
	  pt: (26.9675419921875, 85.318587890625)
	    --Point printed
	  pt: (27.93571875, 84.91996875000001)
	    --Point printed
	  pt: (34.062375, 81.44175)
	    --Point printed
	  pt: (36.4194375, 80.30582812499999)
	    --Point printed
	  pt: (37.2534140625, 80.02214062499999)
	    --Point printed
	  pt: (37.556250000000006, 80.15156250000001)
	    --Point printed
	  pt: (38.57615625, 84.6705)
	    --Point printed
	  pt: (39.509625, 89.471625)
	    --Point printed
	  pt: (41.214375000000004, 98.5425)
	    --Point printed
	  pt: (36.881249999999994, 107.510625)
	    --Point printed
	  pt: (34.207687500000006, 113.27109375)
	    --Point printed
	  pt: (33.58326269531251, 114.35661328125)
	    --Point printed
	  pt: (33.1745888671875, 114.58319531250001)
	    --Point printed
	  pt: (32.66091796875, 114.43462500000001)
	    --Point printed
	  pt: (31.969428222656244, 113.881951171875)
	    --Point printed
	  pt: (30.6966328125, 112.542515625)
	    --Point printed
	  pt: (27.614437499999998, 108.94387499999999)
	    --Point printed
	  pt: (25.5951796875, 106.81031250000001)
	    --Point printed
	  pt: (25.016311523437494, 106.3000546875)
	    --Point printed
	  pt: (24.836455078124995, 106.2007265625)
	    --Point printed
	  pt: (24.80925, 106.80836718750001)
	    --Point printed
	  pt: (25.01533117675782, 108.65304345703125)
	    --Point printed
	  pt: (25.450661865234377, 110.6605634765625)
	    --Point printed
	  pt: (26.095905029296873, 112.79943164062499)
	    --Point printed
	  pt: (26.9317236328125, 115.03815234375)
	    --Point printed
	  pt: (27.93878063964844, 117.34522998046874)
	    --Point printed
	  pt: (29.097739013671873, 119.6891689453125)
	    --Point printed
	  pt: (30.38926171875, 122.0384736328125)
	    --Point printed
	  pt: (32.267835937499996, 125.133421875)
	    --Point printed
	  pt: (34.86584545898438, 128.8036259765625)
	    --Point printed
	  pt: (36.49425512695313, 130.8594375)
	    --Point printed
	  pt: (38.1585439453125, 132.76313671875)
	    --Point printed
	  pt: (39.83937487792969, 134.48322802734376)
	    --Point printed
	  pt: (41.51741088867188, 135.9882158203125)
	    --Point printed
	  pt: (43.173314941406254, 137.2466044921875)
	    --Point printed
	  pt: (44.252625, 137.91675)
	    --Point printed
	  pt: (45.46575, 138.619875)
	    --Point printed
	  pt: (45.196124999999995, 136.235625)
	    --Point printed
	  pt: (44.926125, 133.85175)
	    --Point printed
	  pt: (46.93575, 134.255625)
	    --Point printed
	  pt: (57.981937499999994, 136.0813125)
	    --Point printed
	  pt: (63.220124999999996, 137.031)
	    --Point printed
	  pt: (65.2610625, 137.860875)
	    --Point printed
	  pt: (69.11523046875, 140.60791406250002)
	    --Point printed
	  pt: (73.1650078125, 143.741015625)
	    --Point printed
	  pt: (75.6437783203125, 145.837775390625)
	    --Point printed
	  pt: (76.44762304687501, 146.63240625)
	    --Point printed
	  pt: (76.5095625, 146.93784375)
	    --Point printed
	  pt: (76.6676279296875, 147.12552685546876)
	    --Point printed
	  pt: (77.27850000000001, 147.26241796875)
	    --Point printed
	  pt: (79.125234375, 147.1820390625)
	    --Point printed
	  pt: (81.8526328125, 146.7931640625)
	    --Point printed
	  pt: (84.11475, 146.351625)
	    --Point printed
	  pt: (67.640625, 111.651375)
	    --Point printed
	  pt: (61.80825, 101.959875)
	    --Point printed
	  pt: (71.19131250000001, 90.52275)
	    --Point printed
	  pt: (75.9045, 84.93965625)
	    --Point printed
	  pt: (77.01070312499999, 83.810390625)
	    --Point printed
	  pt: (78.58602978515626, 84.35447460937499)
	    --Point printed
	  pt: (82.42719140625, 85.8383203125)
	    --Point printed
	  pt: (90.3362109375, 89.05978125)
	    --Point printed
	  pt: (97.00839843749999, 91.9028203125)
	    --Point printed
	  pt: (98.57545312500001, 92.72451562500001)
	    --Point printed
	  pt: (98.53376074218751, 94.451373046875)
	    --Point printed
	  pt: (98.24868749999999, 98.690765625)
	    --Point printed
	  pt: (97.46995312499998, 107.42737500000001)
	    --Point printed
	  pt: (96.798990234375, 113.65222265625)
	    --Point printed
	  pt: (96.48681445312499, 115.908515625)
	    --Point printed
	  pt: (96.27796875000001, 116.423625)
	    --Point printed
	  pt: (90.66773437500001, 117.75094921875001)
	    --Point printed
	  pt: (82.334296875, 119.6038828125)
	    --Point printed
	  pt: (75.2827265625, 121.0979296875)
	    --Point printed
	  pt: (73.61175, 121.36031249999999)
	    --Point printed
	  pt: (70.72434375, 116.74228124999999)
	    --Point printed
	  pt: (67.640625, 111.651375)
	    --Point printed
	  pt: (25.836257812499994, 89.03608593749999)
	    --Point printed
	  pt: (25.77899304199218, 88.9431397705078)
	    --Point printed
	  pt: (25.6759833984375, 89.0673779296875)
	    --Point printed
	  pt: (25.398023437499997, 90.0628125)
	    --Point printed
	  pt: (24.903421874999996, 92.913515625)
	    --Point printed
	  pt: (24.527390625, 96.02838281250001)
	    --Point printed
	  pt: (24.48178125, 98.016375)
	    --Point printed
	  pt: (24.532980468749997, 98.636490234375)
	    --Point printed
	  pt: (24.586031249999998, 98.68487109374999)
	    --Point printed
	  pt: (24.7445625, 98.16721874999999)
	    --Point printed
	  pt: (25.439625, 93.4828125)
	    --Point printed
	  pt: (25.827937500000004, 90.0811875)
	    --Point printed
	  pt: (25.849125, 89.122125)
	    --Point printed
