Input File: img/laser-machine.svg
Output File: img/gcode_output/laser-machine.gcode
Log File: img/log/laser-machine.log

wdth: 473.167
hght: 473.167
scale: 0.317012809431
x%: 0.317012809431
y%: 0.317012809431
--Found Elem: <Element '{http://www.w3.org/2000/svg}svg' at 0x7f5bfc8b94d0>
  --No Name: svg
--Found Elem: <Element '{http://www.w3.org/2000/svg}g' at 0x7f5bfc8b9510>
  --No Name: g
--Found Elem: <Element '{http://www.w3.org/2000/svg}path' at 0x7f5bfc8b9550>
  --Name: path
	Class : <class 'shapes.path'>
	Object: <Element '{http://www.w3.org/2000/svg}path' at 0x7f5bfc8b9550>
	Attrs : [('d', 'M434.716,0h-86c-2.348,0-4.25,1.903-4.25,4.25v15.583H131.732c-5.414-8.224-14.721-13.667-25.281-13.667   c-16.68,0-30.25,13.57-30.25,30.25c0,11.769,6.76,21.981,16.596,26.98l81.672,165.2c-1.879,3.937-2.936,8.34-2.936,12.986   c0,5.04,1.246,9.792,3.436,13.976L98.765,409.701c-1.688-0.145-3.391-0.234-5.115-0.234c-32.781,0-59.449,26.669-59.449,59.449   c0,2.347,1.902,4.25,4.25,4.25h110.398c0.008,0.001,0.016,0.001,0.02,0c2.348,0,4.25-1.903,4.25-4.25   c0-0.145-0.008-0.289-0.021-0.431c-0.137-19.014-9.254-35.923-23.301-46.718l74.166-150.021   c15.666-1.122,28.07-14.217,28.07-30.163c0-16.29-12.945-29.606-29.088-30.221l-75.66-153.045c1.676-1.595,3.17-3.378,4.447-5.317   h212.734v53.25c0,2.347,1.902,4.25,4.25,4.25h11.418v37.083c0,2.347,1.902,4.25,4.25,4.25h9.082v32.217   c0,0.985,0.344,1.94,0.969,2.701l13.031,15.831v144.364l-12.008-12.008c-1.66-1.659-4.352-1.659-6.01,0   c-1.66,1.66-1.66,4.35,0,6.011l12.074,12.075h-17.074c-2.348,0-4.25,1.903-4.25,4.25s1.902,4.25,4.25,4.25h17.074l-12.074,12.074   c-1.66,1.66-1.66,4.351,0,6.011c0.83,0.83,1.918,1.245,3.006,1.245c1.088,0,2.176-0.415,3.004-1.245l12.008-12.008v16.673   c0,2.347,1.902,4.25,4.25,4.25c2.348,0,4.25-1.903,4.25-4.25v-16.806l12.141,12.14c0.83,0.83,1.916,1.245,3.004,1.245   c1.088,0,2.176-0.415,3.006-1.245c1.66-1.66,1.66-4.351,0-6.011l-12.072-12.072h17.074c2.348,0,4.25-1.903,4.25-4.25   s-1.902-4.25-4.25-4.25h-17.076l12.074-12.073c1.66-1.66,1.66-4.351,0-6.011c-1.658-1.659-4.352-1.659-6.01,0l-12.141,12.14   V202.583l13.031-15.831c0.627-0.761,0.969-1.716,0.969-2.701v-32.217h9.084c2.348,0,4.25-1.903,4.25-4.25V110.5h11.416   c2.348,0,4.25-1.903,4.25-4.25v-102C438.966,1.903,437.064,0,434.716,0z M430.466,8.5v40.167H353.06   c-0.006-0.283-0.035-0.559-0.094-0.825V24.992c0.064-0.294,0.103-0.596,0.103-0.909s-0.039-0.615-0.103-0.909V8.5H430.466z    M135.038,439.259H82.995c-2.348,0-4.25,1.903-4.25,4.25s1.902,4.25,4.25,4.25h55.496c0.484,0,0.941-0.098,1.375-0.247   c2.461,5.294,4.051,11.071,4.557,17.154H42.876c2.166-26.112,24.111-46.699,50.773-46.699c2.375,0,4.713,0.171,7.004,0.487   c0.072,0.01,0.146,0.02,0.221,0.026C114.911,420.482,127.115,428.233,135.038,439.259z M107.542,411.122l73.123-147.909   c3.867,3.777,8.74,6.525,14.176,7.807l-72.193,146.028C117.966,414.42,112.896,412.409,107.542,411.122z M223.532,241.583   c0,11.993-9.756,21.75-21.75,21.75c-11.992,0-21.75-9.757-21.75-21.75c0-11.993,9.758-21.75,21.75-21.75   C213.777,219.833,223.532,229.59,223.532,241.583z M193.96,212.365c-5.393,1.445-10.191,4.347-13.955,8.255l-76.17-154.074   c0.863,0.075,1.734,0.121,2.615,0.121c4.979,0,9.676-1.216,13.822-3.356L193.96,212.365z M106.45,58.167   c-11.992,0-21.75-9.757-21.75-21.75s9.758-21.75,21.75-21.75c11.994,0,21.75,9.757,21.75,21.75S118.445,58.167,106.45,58.167z    M135.595,44.5c0.715-2.575,1.105-5.283,1.105-8.083s-0.391-5.508-1.105-8.083h208.871V44.5H135.595z M401.466,182.526   l-9.75,11.845l-9.75-11.845v-30.693h19.5V182.526z M414.8,143.333h-46.166V110.5H414.8V143.333z M352.966,102V77.277h47.85   c2.348,0,4.25-1.903,4.25-4.25c0-2.347-1.902-4.25-4.25-4.25h-47.85V57.167h77.5V102H352.966z')]
	Transform: None
	d: M434.716,0h-86c-2.348,0-4.25,1.903-4.25,4.25v15.583H131.732c-5.414-8.224-14.721-13.667-25.281-13.667   c-16.68,0-30.25,13.57-30.25,30.25c0,11.769,6.76,21.981,16.596,26.98l81.672,165.2c-1.879,3.937-2.936,8.34-2.936,12.986   c0,5.04,1.246,9.792,3.436,13.976L98.765,409.701c-1.688-0.145-3.391-0.234-5.115-0.234c-32.781,0-59.449,26.669-59.449,59.449   c0,2.347,1.902,4.25,4.25,4.25h110.398c0.008,0.001,0.016,0.001,0.02,0c2.348,0,4.25-1.903,4.25-4.25   c0-0.145-0.008-0.289-0.021-0.431c-0.137-19.014-9.254-35.923-23.301-46.718l74.166-150.021   c15.666-1.122,28.07-14.217,28.07-30.163c0-16.29-12.945-29.606-29.088-30.221l-75.66-153.045c1.676-1.595,3.17-3.378,4.447-5.317   h212.734v53.25c0,2.347,1.902,4.25,4.25,4.25h11.418v37.083c0,2.347,1.902,4.25,4.25,4.25h9.082v32.217   c0,0.985,0.344,1.94,0.969,2.701l13.031,15.831v144.364l-12.008-12.008c-1.66-1.659-4.352-1.659-6.01,0   c-1.66,1.66-1.66,4.35,0,6.011l12.074,12.075h-17.074c-2.348,0-4.25,1.903-4.25,4.25s1.902,4.25,4.25,4.25h17.074l-12.074,12.074   c-1.66,1.66-1.66,4.351,0,6.011c0.83,0.83,1.918,1.245,3.006,1.245c1.088,0,2.176-0.415,3.004-1.245l12.008-12.008v16.673   c0,2.347,1.902,4.25,4.25,4.25c2.348,0,4.25-1.903,4.25-4.25v-16.806l12.141,12.14c0.83,0.83,1.916,1.245,3.004,1.245   c1.088,0,2.176-0.415,3.006-1.245c1.66-1.66,1.66-4.351,0-6.011l-12.072-12.072h17.074c2.348,0,4.25-1.903,4.25-4.25   s-1.902-4.25-4.25-4.25h-17.076l12.074-12.073c1.66-1.66,1.66-4.351,0-6.011c-1.658-1.659-4.352-1.659-6.01,0l-12.141,12.14   V202.583l13.031-15.831c0.627-0.761,0.969-1.716,0.969-2.701v-32.217h9.084c2.348,0,4.25-1.903,4.25-4.25V110.5h11.416   c2.348,0,4.25-1.903,4.25-4.25v-102C438.966,1.903,437.064,0,434.716,0z M430.466,8.5v40.167H353.06   c-0.006-0.283-0.035-0.559-0.094-0.825V24.992c0.064-0.294,0.103-0.596,0.103-0.909s-0.039-0.615-0.103-0.909V8.5H430.466z    M135.038,439.259H82.995c-2.348,0-4.25,1.903-4.25,4.25s1.902,4.25,4.25,4.25h55.496c0.484,0,0.941-0.098,1.375-0.247   c2.461,5.294,4.051,11.071,4.557,17.154H42.876c2.166-26.112,24.111-46.699,50.773-46.699c2.375,0,4.713,0.171,7.004,0.487   c0.072,0.01,0.146,0.02,0.221,0.026C114.911,420.482,127.115,428.233,135.038,439.259z M107.542,411.122l73.123-147.909   c3.867,3.777,8.74,6.525,14.176,7.807l-72.193,146.028C117.966,414.42,112.896,412.409,107.542,411.122z M223.532,241.583   c0,11.993-9.756,21.75-21.75,21.75c-11.992,0-21.75-9.757-21.75-21.75c0-11.993,9.758-21.75,21.75-21.75   C213.777,219.833,223.532,229.59,223.532,241.583z M193.96,212.365c-5.393,1.445-10.191,4.347-13.955,8.255l-76.17-154.074   c0.863,0.075,1.734,0.121,2.615,0.121c4.979,0,9.676-1.216,13.822-3.356L193.96,212.365z M106.45,58.167   c-11.992,0-21.75-9.757-21.75-21.75s9.758-21.75,21.75-21.75c11.994,0,21.75,9.757,21.75,21.75S118.445,58.167,106.45,58.167z    M135.595,44.5c0.715-2.575,1.105-5.283,1.105-8.083s-0.391-5.508-1.105-8.083h208.871V44.5H135.595z M401.466,182.526   l-9.75,11.845l-9.75-11.845v-30.693h19.5V182.526z M414.8,143.333h-46.166V110.5H414.8V143.333z M352.966,102V77.277h47.85   c2.348,0,4.25-1.903,4.25-4.25c0-2.347-1.902-4.25-4.25-4.25h-47.85V57.167h77.5V102H352.966z
	m: None
	d is GOOD!
	Points: <generator object point_generator at 0x7f5bfc930960>
	  pt: (137.81054046457172, 150.0)
	    --Point printed
	  pt: (137.81054046457172, 150.0)
	    --Point printed
	  pt: (110.36135233437666, 150.0)
	    --Point printed
	  pt: (109.86170052011236, 149.82593024767155)
	    --Point printed
	  pt: (109.4727654295418, 149.4834474403329)
	    --Point printed
	  pt: (109.23781931115231, 149.01591298632405)
	    --Point printed
	  pt: (109.2001344134312, 148.65269555991858)
	    --Point printed
	  pt: (109.2001344134312, 143.71268495055656)
	    --Point printed
	  pt: (41.546192993171545, 144.03857411865155)
	    --Point printed
	  pt: (40.80943045742835, 144.94406919887692)
	    --Point printed
	  pt: (39.970044931282196, 145.75372734415123)
	    --Point printed
	  pt: (39.037843998524835, 146.45765924081772)
	    --Point printed
	  pt: (38.022635242948056, 147.04597557521976)
	    --Point printed
	  pt: (36.934226248343606, 147.50878703370057)
	    --Point printed
	  pt: (35.782424598503276, 147.83620430260353)
	    --Point printed
	  pt: (34.57703787721882, 148.01833806827187)
	    --Point printed
	  pt: (33.4158447228991, 148.04529901704896)
	    --Point printed
	  pt: (32.445262331071795, 147.96289735739444)
	    --Point printed
	  pt: (31.192420897378724, 147.72216885106104)
	    --Point printed
	  pt: (29.443723753981157, 147.0475507326166)
	    --Point printed
	  pt: (27.87812627465567, 146.06030349749665)
	    --Point printed
	  pt: (26.534487295183308, 144.79928598148223)
	    --Point printed
	  pt: (25.45166565134508, 143.30335702035433)
	    --Point printed
	  pt: (24.668520178922027, 141.611375449894)
	    --Point printed
	  pt: (24.28788809962973, 140.07404288219064)
	    --Point printed
	  pt: (24.173497247007926, 139.11278202912501)
	    --Point printed
	  pt: (24.156693091445515, 137.98929606248956)
	    --Point printed
	  pt: (24.319553468965502, 136.63328863012424)
	    --Point printed
	  pt: (24.665072664619466, 135.3416645180243)
	    --Point printed
	  pt: (25.179564641025262, 134.12800574374376)
	    --Point printed
	  pt: (25.849343360800727, 133.00589432483667)
	    --Point printed
	  pt: (26.660722786563728, 131.98891227885716)
	    --Point printed
	  pt: (27.600016880932102, 131.0906416233592)
	    --Point printed
	  pt: (28.6535396065237, 130.32466437589687)
	    --Point printed
	  pt: (29.41783767676106, 129.90265593331742)
	    --Point printed
	  pt: (55.15999108137296, 77.22011995764709)
	    --Point printed
	  pt: (54.797001507924264, 76.24010457724228)
	    --Point printed
	  pt: (54.54104338425968, 75.21352794045231)
	    --Point printed
	  pt: (54.39910089883699, 74.14701759632433)
	    --Point printed
	  pt: (54.378158240113954, 73.0159753321766)
	    --Point printed
	  pt: (54.49860329439711, 71.84897192745902)
	    --Point printed
	  pt: (54.755205350330854, 70.72730135449007)
	    --Point printed
	  pt: (55.13898898274816, 69.6592851995173)
	    --Point printed
	  pt: (55.467414253318594, 68.98484044745301)
	    --Point printed
	  pt: (30.774652501125395, 20.165501820710205)
	    --Point printed
	  pt: (29.038749796583453, 20.193715960749557)
	    --Point printed
	  pt: (27.131281709949267, 20.031772877130322)
	    --Point printed
	  pt: (25.281960088054277, 19.684408258276136)
	    --Point printed
	  pt: (23.500330143248846, 19.161168709660075)
	    --Point printed
	  pt: (21.79593708788335, 18.47160083675527)
	    --Point printed
	  pt: (20.178326134308158, 17.625251245034747)
	    --Point printed
	  pt: (18.657042494873643, 16.631666539971576)
	    --Point printed
	  pt: (17.24163138193017, 15.500393327038836)
	    --Point printed
	  pt: (15.941638007828104, 14.240978211709603)
	    --Point printed
	  pt: (14.766607584917828, 12.862967799456897)
	    --Point printed
	  pt: (13.726085325549702, 11.375908695753822)
	    --Point printed
	  pt: (12.829616442074103, 9.789347506073426)
	    --Point printed
	  pt: (12.086746146841394, 8.112830835888815)
	    --Point printed
	  pt: (11.507019652201945, 6.355905290672979)
	    --Point printed
	  pt: (11.099982170506134, 4.52811747589908)
	    --Point printed
	  pt: (10.875178914104325, 2.6390139970401094)
	    --Point printed
	  pt: (10.84215509534689, 1.1616141869572232)
	    --Point printed
	  pt: (11.016155501123283, 0.6620317192449932)
	    --Point printed
	  pt: (11.358568961909858, 0.2730470954229247)
	    --Point printed
	  pt: (11.826123229219286, 0.03802172383109337)
	    --Point printed
	  pt: (12.189459535428298, 0.0003170128094041047)
	    --Point printed
	  pt: (47.18957577345842, -2.842170943040401e-14)
	    --POINT NOT PRINTED (150,150)
	  pt: (47.379466446307546, 0.0003170128094041047)
	    --Point printed
	  pt: (47.87911826057185, 0.17438676513785367)
	    --Point printed
	  pt: (48.26805335114241, 0.5168695724765087)
	    --Point printed
	  pt: (48.50299946953191, 0.984404026485322)
	    --Point printed
	  pt: (48.540684367253, 1.3935883102582807)
	    --Point printed
	  pt: (48.528598253893456, 2.237714168570477)
	    --Point printed
	  pt: (48.294922663404265, 4.440996535710411)
	    --Point printed
	  pt: (47.81442288082221, 6.561860525723432)
	    --Point printed
	  pt: (47.102144631282414, 8.585412728222764)
	    --Point printed
	  pt: (46.173133639919946, 10.496759732821573)
	    --Point printed
	  pt: (45.04243563186994, 12.281008129133028)
	    --Point printed
	  pt: (43.725096332267476, 13.923264506770323)
	    --Point printed
	  pt: (42.23616146624766, 15.408635455346598)
	    --Point printed
	  pt: (41.1473116257051, 16.294458404749264)
	    --Point printed
	  pt: (65.27967398402679, 63.89749813490795)
	    --Point printed
	  pt: (67.04993542845338, 64.31611602642406)
	    --Point printed
	  pt: (68.67796709459874, 65.04538665788188)
	    --Point printed
	  pt: (70.12980650859001, 66.05142185528572)
	    --Point printed
	  pt: (71.37149119655429, 67.30033344464003)
	    --Point printed
	  pt: (72.36905868461875, 68.75823325194908)
	    --Point printed
	  pt: (73.08854649891055, 70.39123310321722)
	    --Point printed
	  pt: (73.49599216555677, 72.16544482444884)
	    --Point printed
	  pt: (73.55743321068461, 73.73785312585194)
	    --Point printed
	  pt: (73.47879097002553, 74.68620948336881)
	    --Point printed
	  pt: (73.24889925557468, 75.91146259869662)
	    --Point printed
	  pt: (72.60392059648075, 77.62574527730165)
	    --Point printed
	  pt: (71.65870727856128, 79.16732408298759)
	    --Point printed
	  pt: (70.44946934697475, 80.50006327047318)
	    --Point printed
	  pt: (69.01241684687965, 81.58782709447718)
	    --Point printed
	  pt: (67.38375982343443, 82.3944798097183)
	    --Point printed
	  pt: (65.59970832179759, 82.8838856709153)
	    --Point printed
	  pt: (64.33616460995802, 82.99553857306192)
	    --Point printed
	  pt: (40.61663218271774, 131.76558170793817)
	    --Point printed
	  pt: (41.338708109399015, 132.59599676224246)
	    --Point printed
	  pt: (41.76073141195393, 133.19832110016122)
	    --Point printed
	  pt: (109.2001344134312, 133.19832110016122)
	    --Point printed
	  pt: (109.2001344134312, 116.13138173203116)
	    --Point printed
	  pt: (109.3741348192076, 115.63179926431891)
	    --Point printed
	  pt: (109.71654827999419, 115.24281464049687)
	    --Point printed
	  pt: (110.18410254730361, 115.00778926890503)
	    --Point printed
	  pt: (110.54743885351262, 114.97008455788334)
	    --Point printed
	  pt: (114.16709111159486, 114.97008455788334)
	    --Point printed
	  pt: (114.16709111159486, 103.02829127982295)
	    --Point printed
	  pt: (114.34109151737125, 102.52870881211071)
	    --Point printed
	  pt: (114.68350497815783, 102.13972418828868)
	    --Point printed
	  pt: (115.15105924546727, 101.90469881669682)
	    --Point printed
	  pt: (115.51439555167627, 101.86699410567513)
	    --Point printed
	  pt: (118.39350588692788, 101.86699410567513)
	    --Point printed
	  pt: (118.39350588692788, 91.49766361559446)
	    --Point printed
	  pt: (118.52482844323465, 91.0541626952006)
	    --Point printed
	  pt: (118.70069129926644, 90.79754082596628)
	    --Point printed
	  pt: (122.83168521896076, 85.7789110398654)
	    --Point printed
	  pt: (122.83168521896076, 40.01367381918011)
	    --Point printed
	  pt: (118.89343508740043, 43.95184469753805)
	    --Point printed
	  pt: (118.41698464812636, 44.18193655728315)
	    --Point printed
	  pt: (117.89971880963805, 44.21480682296101)
	    --Point printed
	  pt: (117.40303899046215, 44.050455494571665)
	    --Point printed
	  pt: (116.98818810272061, 43.68880331891275)
	    --Point printed
	  pt: (116.75795754987143, 43.2124816660925)
	    --Point printed
	  pt: (116.72506747089295, 42.695304987456836)
	    --Point printed
	  pt: (116.88951786578525, 42.198466661876225)
	    --Point printed
	  pt: (117.11974841863446, 41.914799637337325)
	    --Point printed
	  pt: (120.94736107970338, 38.086869963458966)
	    --Point printed
	  pt: (115.34859785234389, 38.086869963458966)
	    --Point printed
	  pt: (114.84894603807959, 37.9128002111305)
	    --Point printed
	  pt: (114.46001094750902, 37.57031740379186)
	    --Point printed
	  pt: (114.22506482911953, 37.10278294978302)
	    --Point printed
	  pt: (114.18737993139844, 36.55355825744397)
	    --Point printed
	  pt: (114.36138033717482, 36.05397578973172)
	    --Point printed
	  pt: (114.7037937979614, 35.6649911659097)
	    --Point printed
	  pt: (115.17134806527082, 35.42996579431782)
	    --Point printed
	  pt: (115.53468437147986, 35.39226108329615)
	    --Point printed
	  pt: (120.94736107970338, 35.39226108329615)
	    --Point printed
	  pt: (116.98818810272061, 31.433088106313377)
	    --Point printed
	  pt: (116.75795754987143, 30.956697106941064)
	    --Point printed
	  pt: (116.72506747089295, 30.439451081753347)
	    --Point printed
	  pt: (116.88951786578525, 29.942632569473332)
	    --Point printed
	  pt: (117.25130873454829, 29.52752410882411)
	    --Point printed
	  pt: (117.72777898712295, 29.29729355597493)
	    --Point printed
	  pt: (118.24514389211421, 29.264403476996463)
	    --Point printed
	  pt: (118.74190296449245, 29.428853871888748)
	    --Point printed
	  pt: (119.02499540331428, 29.659084424737955)
	    --Point printed
	  pt: (122.83168521896076, 33.465774240384434)
	    --Point printed
	  pt: (122.83168521896076, 27.99421240280911)
	    --Point printed
	  pt: (123.00568562473715, 27.494629935096867)
	    --Point printed
	  pt: (123.34809908552373, 27.105645311274827)
	    --Point printed
	  pt: (123.81565335283315, 26.870619939682996)
	    --Point printed
	  pt: (124.36507617817811, 26.832915228661292)
	    --Point printed
	  pt: (124.86472799244241, 27.006984980989756)
	    --Point printed
	  pt: (125.25366308301298, 27.349467788328397)
	    --Point printed
	  pt: (125.48860920140247, 27.817002242337225)
	    --Point printed
	  pt: (125.52629409912358, 28.18021966874271)
	    --Point printed
	  pt: (125.52629409912358, 33.50793694403873)
	    --Point printed
	  pt: (129.5067069343382, 29.527841121633543)
	    --Point printed
	  pt: (129.98270166769873, 29.29761056878435)
	    --Point printed
	  pt: (130.4999080662853, 29.26472048980588)
	    --Point printed
	  pt: (130.99682564506824, 29.42917088469818)
	    --Point printed
	  pt: (131.41195391901803, 29.790961753461218)
	    --Point printed
	  pt: (131.6421844718672, 30.26735275283353)
	    --Point printed
	  pt: (131.6750745508457, 30.784598778021248)
	    --Point printed
	  pt: (131.5106241559534, 31.281417290301277)
	    --Point printed
	  pt: (131.2803936031042, 31.56496543503664)
	    --Point printed
	  pt: (127.45341496765414, 35.3919440704867)
	    --Point printed
	  pt: (133.05217819501362, 35.3919440704867)
	    --Point printed
	  pt: (133.55183000927792, 35.566013822815165)
	    --Point printed
	  pt: (133.94076509984848, 35.908496630153806)
	    --Point printed
	  pt: (134.17571121823798, 36.37603108416263)
	    --Point printed
	  pt: (134.21339611595909, 36.925255776501714)
	    --Point printed
	  pt: (134.03939571018267, 37.42483824421396)
	    --Point printed
	  pt: (133.6969822493961, 37.813822868036)
	    --Point printed
	  pt: (133.22942798208666, 38.04884823962783)
	    --Point printed
	  pt: (132.86609167587767, 38.08655295064952)
	    --Point printed
	  pt: (127.45278094203528, 38.08655295064952)
	    --Point printed
	  pt: (131.41195391901803, 42.04540891482286)
	    --Point printed
	  pt: (131.6421844718672, 42.52179991419517)
	    --Point printed
	  pt: (131.6750745508457, 43.03904593938289)
	    --Point printed
	  pt: (131.5106241559534, 43.5358644516629)
	    --Point printed
	  pt: (131.1489917935951, 43.95089365910974)
	    --Point printed
	  pt: (130.67268004742513, 44.180985518854854)
	    --Point printed
	  pt: (130.15531514243386, 44.21385578453271)
	    --Point printed
	  pt: (129.65847681685327, 44.04950445614337)
	    --Point printed
	  pt: (129.37514661842437, 43.81941259639828)
	    --Point printed
	  pt: (125.52629409912358, 39.97087708990692)
	    --Point printed
	  pt: (125.52629409912358, 85.77859402705599)
	    --Point printed
	  pt: (129.75667153457448, 90.91784718714533)
	    --Point printed
	  pt: (129.9373688359501, 91.34359539021106)
	    --Point printed
	  pt: (129.96447343115645, 91.65347541142978)
	    --Point printed
	  pt: (129.96447343115645, 101.86667709286573)
	    --Point printed
	  pt: (133.0303043111629, 101.86667709286573)
	    --Point printed
	  pt: (133.5299561254272, 102.04074684519418)
	    --Point printed
	  pt: (133.91889121599775, 102.38322965253282)
	    --Point printed
	  pt: (134.15383733438725, 102.85076410654167)
	    --Point printed
	  pt: (134.19152223210833, 103.21398153294714)
	    --Point printed
	  pt: (134.19152223210833, 114.97008455788337)
	    --Point printed
	  pt: (137.99662698370767, 114.97008455788337)
	    --Point printed
	  pt: (138.49627879797197, 115.14415431021183)
	    --Point printed
	  pt: (138.88521388854252, 115.48663711755046)
	    --Point printed
	  pt: (139.12016000693202, 115.9541715715593)
	    --Point printed
	  pt: (139.15784490465313, 116.31738899796477)
	    --Point printed
	  pt: (139.15784490465313, 148.83870282585218)
	    --Point printed
	  pt: (138.98384449887672, 149.33828529356444)
	    --Point printed
	  pt: (138.64143103809016, 149.72726991738645)
	    --Point printed
	  pt: (138.1738767707807, 149.9622952889783)
	    --Point printed
	  pt: (137.81054046457172, 150.0)
	    --Point printed
	  pt: (137.81054046457172, 150.0)
	    --Point printed
	  pt: (136.4632360244903, 147.30539111983717)
	    --Point printed
	  pt: (136.4632360244903, 134.57193760342543)
	    --Point printed
	  pt: (111.92264042082395, 134.66165222849438)
	    --Point printed
	  pt: (111.89474329359402, 134.83347317120592)
	    --Point printed
	  pt: (111.91503211339761, 142.17041763267514)
	    --Point printed
	  pt: (111.92739561296541, 142.46460551982705)
	    --Point printed
	  pt: (111.89474329359402, 142.65354515424787)
	    --Point printed
	  pt: (111.89474329359402, 147.30539111983717)
	    --Point printed
	  pt: (136.4632360244903, 147.30539111983717)
	    --Point printed
	  pt: (136.4632360244903, 147.30539111983717)
	    --Point printed
	  pt: (42.808775759932544, 10.749270342183621)
	    --Point printed
	  pt: (26.124391599583234, 10.749270342183621)
	    --Point printed
	  pt: (25.624739785318926, 10.575200589855172)
	    --Point printed
	  pt: (25.235804694748364, 10.232717782516517)
	    --Point printed
	  pt: (25.00085857635888, 9.765183328507703)
	    --Point printed
	  pt: (24.963173678637776, 9.215958636168608)
	    --Point printed
	  pt: (25.137174084414173, 8.716376168456378)
	    --Point printed
	  pt: (25.479587545200744, 8.327391544634338)
	    --Point printed
	  pt: (25.947141812510168, 8.092366173042507)
	    --Point printed
	  pt: (26.310478118719185, 8.054661462020789)
	    --Point printed
	  pt: (44.05685519066208, 8.054661462020789)
	    --Point printed
	  pt: (44.534355734867404, 7.713397172668408)
	    --Point printed
	  pt: (45.03108508729477, 6.408602169001654)
	    --Point printed
	  pt: (45.415829664790664, 5.053402128635355)
	    --Point printed
	  pt: (45.68225911781676, 3.653057482875994)
	    --Point printed
	  pt: (45.78394097644173, 2.694925892972236)
	    --Point printed
	  pt: (13.635156826236827, 3.2122907979635045)
	    --Point printed
	  pt: (13.884036957848656, 4.7278451429080235)
	    --Point printed
	  pt: (14.270548943673695, 6.193022932772664)
	    --Point printed
	  pt: (14.787698379021045, 7.600829762866482)
	    --Point printed
	  pt: (15.42849085919982, 8.944271228498593)
	    --Point printed
	  pt: (16.185931979519125, 10.21635292497811)
	    --Point printed
	  pt: (17.05302733528807, 11.410080447614178)
	    --Point printed
	  pt: (18.022782521815767, 12.518459391715822)
	    --Point printed
	  pt: (19.088203134411316, 13.534495352592216)
	    --Point printed
	  pt: (20.242294768383836, 14.451193925552445)
	    --Point printed
	  pt: (21.47806301904243, 15.261560705905623)
	    --Point printed
	  pt: (22.788513481696206, 15.958601288960864)
	    --Point printed
	  pt: (24.16665175165428, 16.535321270027282)
	    --Point printed
	  pt: (25.60548342422575, 16.984726244413963)
	    --Point printed
	  pt: (27.09801409471973, 17.29982180743005)
	    --Point printed
	  pt: (28.637249358445327, 17.4736135543846)
	    --Point printed
	  pt: (30.44083801279464, 17.499107080586782)
	    --Point printed
	  pt: (31.931115229929393, 17.341551714299584)
	    --Point printed
	  pt: (32.53458873928233, 17.2571470537886)
	    --Point printed
	  pt: (34.15487588155979, 16.8798299873512)
	    --Point printed
	  pt: (35.708560613905874, 16.343907449695337)
	    --Point printed
	  pt: (37.18654863135003, 15.658570335632021)
	    --Point printed
	  pt: (38.579745628921714, 14.833009539972153)
	    --Point printed
	  pt: (39.87905730165037, 13.876415957526632)
	    --Point printed
	  pt: (41.07538934456546, 12.797980483106386)
	    --Point printed
	  pt: (42.15964745269641, 11.606894011522343)
	    --Point printed
	  pt: (42.808775759932544, 10.749270342183621)
	    --Point printed
	  pt: (42.808775759932544, 10.749270342183621)
	    --Point printed
	  pt: (34.09219155181997, 19.669059761141398)
	    --Point printed
	  pt: (57.57959134935446, 66.25876804595418)
	    --Point printed
	  pt: (58.594280005790765, 65.46701864775014)
	    --Point printed
	  pt: (59.71100716026266, 64.81491339210044)
	    --Point printed
	  pt: (60.916606874528455, 64.31543989754144)
	    --Point printed
	  pt: (61.767092802329834, 64.08318838803211)
	    --Point printed
	  pt: (38.138860064205666, 18.206996684046004)
	    --Point printed
	  pt: (35.76697022404352, 19.203684956896836)
	    --Point printed
	  pt: (34.09219155181997, 19.669059761141398)
	    --Point printed
	  pt: (34.09219155181997, 19.669059761141398)
	    --Point printed
	  pt: (70.86250731771236, 72.93985263131198)
	    --Point printed
	  pt: (70.63019389163868, 71.57881881225339)
	    --Point printed
	  pt: (70.1451717231971, 70.32149276180503)
	    --Point printed
	  pt: (69.43537013623097, 69.19581494879186)
	    --Point printed
	  pt: (68.5287184545837, 68.22972584203886)
	    --Point printed
	  pt: (67.45314600209863, 67.45116591037096)
	    --Point printed
	  pt: (66.23658210261917, 66.88807562261316)
	    --Point printed
	  pt: (64.90695607998867, 66.56839544759038)
	    --Point printed
	  pt: (63.4922765112529, 66.52006585412762)
	    --Point printed
	  pt: (62.131315753740225, 66.75240033183317)
	    --Point printed
	  pt: (60.874018184911456, 67.23745841188205)
	    --Point printed
	  pt: (59.74833541857315, 67.94729962544938)
	    --Point printed
	  pt: (58.78221906853182, 68.85398350371011)
	    --Point printed
	  pt: (58.00362074859405, 69.92956957783935)
	    --Point printed
	  pt: (57.44049207256636, 71.14611737901208)
	    --Point printed
	  pt: (57.12078465425527, 72.47568643840337)
	    --Point printed
	  pt: (57.07245010746735, 73.89033628718825)
	    --Point printed
	  pt: (57.30480563680478, 75.25137010624685)
	    --Point printed
	  pt: (57.78989962846099, 76.50869615669522)
	    --Point printed
	  pt: (58.49978046862946, 77.63437396970838)
	    --Point printed
	  pt: (59.40649654350368, 78.60046307646137)
	    --Point printed
	  pt: (60.48209623927705, 79.37902300812927)
	    --Point printed
	  pt: (61.698627942143055, 79.94211329588708)
	    --Point printed
	  pt: (63.02814003829515, 80.26179347090985)
	    --Point printed
	  pt: (64.44279979373034, 80.31012306437263)
	    --Point printed
	  pt: (65.80397973588079, 80.07778858666708)
	    --Point printed
	  pt: (67.06136274956835, 79.59273050661817)
	    --Point printed
	  pt: (68.1870306559312, 78.88288929305087)
	    --Point printed
	  pt: (69.1530652761076, 77.97620541479013)
	    --Point printed
	  pt: (69.9315484312357, 76.90061934066091)
	    --Point printed
	  pt: (70.49456194245373, 75.68407153948817)
	    --Point printed
	  pt: (70.81418763089988, 74.35450248009688)
	    --Point printed
	  pt: (70.86250731771236, 73.41509445925011)
	    --Point printed
	  pt: (70.86250731771236, 73.41509445925011)
	    --Point printed
	  pt: (61.06039199690596, 82.56305384779581)
	    --Point printed
	  pt: (59.84144802469319, 82.07961922006395)
	    --Point printed
	  pt: (58.71063361350222, 81.44084831571094)
	    --Point printed
	  pt: (57.68099582177117, 80.66014483258553)
	    --Point printed
	  pt: (57.06389076161271, 80.06063398335048)
	    --Point printed
	  pt: (33.190607121798436, 128.8802896229027)
	    --Point printed
	  pt: (34.14061525846054, 128.86570703366888)
	    --Point printed
	  pt: (35.293818699317576, 128.98327915936656)
	    --Point printed
	  pt: (36.40283847986017, 129.23383815862053)
	    --Point printed
	  pt: (37.4596799333005, 129.6087058057726)
	    --Point printed
	  pt: (38.12776461587558, 129.92960202211904)
	    --Point printed
	  pt: (61.4878045172212, 82.67757472520272)
	    --Point printed
	  pt: (61.4878045172212, 82.67757472520272)
	    --Point printed
	  pt: (33.27081136258445, 131.5603159138317)
	    --Point printed
	  pt: (31.90985060507178, 131.79265039153722)
	    --Point printed
	  pt: (30.65255303624302, 132.27770847158615)
	    --Point printed
	  pt: (29.52687026990471, 132.98754968515345)
	    --Point printed
	  pt: (28.56075391986339, 133.8942335634142)
	    --Point printed
	  pt: (27.78215559992561, 134.9698196375434)
	    --Point printed
	  pt: (27.21902692389791, 136.18636743871613)
	    --Point printed
	  pt: (26.899319505586828, 137.51593649810744)
	    --Point printed
	  pt: (26.850984958798904, 138.9305863468923)
	    --Point printed
	  pt: (27.08334048813633, 140.29162016595092)
	    --Point printed
	  pt: (27.568434479792547, 141.5489462163993)
	    --Point printed
	  pt: (28.27831531996103, 142.67462402941246)
	    --Point printed
	  pt: (29.185031394835228, 143.64071313616546)
	    --Point printed
	  pt: (30.260631090608605, 144.41927306783333)
	    --Point printed
	  pt: (31.477162793474612, 144.98236335559116)
	    --Point printed
	  pt: (32.80667488962671, 145.30204353061393)
	    --Point printed
	  pt: (34.221295018460715, 145.3503731240767)
	    --Point printed
	  pt: (35.58240189906524, 145.11803864637116)
	    --Point printed
	  pt: (36.839756431133196, 144.63298056632226)
	    --Point printed
	  pt: (37.96542929082121, 143.92313935275496)
	    --Point printed
	  pt: (38.93149115428591, 143.0164554744942)
	    --Point printed
	  pt: (39.71001269768391, 141.940869400365)
	    --Point printed
	  pt: (40.273064597171825, 140.72432159919225)
	    --Point printed
	  pt: (40.592717528906284, 139.39475253980095)
	    --Point printed
	  pt: (40.64104216904391, 137.98010269101607)
	    --Point printed
	  pt: (40.408749794602116, 136.61906887195747)
	    --Point printed
	  pt: (39.92376353776785, 135.3617428215091)
	    --Point printed
	  pt: (39.214001577402904, 134.23606500849596)
	    --Point printed
	  pt: (38.30738209236908, 133.26997590174295)
	    --Point printed
	  pt: (37.23182326152817, 132.49141597007505)
	    --Point printed
	  pt: (36.01524326374197, 131.92832568231722)
	    --Point printed
	  pt: (34.68556027787229, 131.60864550729445)
	    --Point printed
	  pt: (33.74601356392141, 131.5603159138317)
	    --Point printed
	  pt: (33.74601356392141, 131.5603159138317)
	    --Point printed
	  pt: (43.09868397415711, 136.3010839724664)
	    --Point printed
	  pt: (43.30474230028721, 137.57499994716454)
	    --Point printed
	  pt: (43.335651049206724, 138.89916245215747)
	    --Point printed
	  pt: (43.1861002563577, 140.19091039738612)
	    --Point printed
	  pt: (42.985351894785566, 141.01775905758433)
	    --Point printed
	  pt: (109.2001344134312, 141.01775905758433)
	    --Point printed
	  pt: (109.2001344134312, 135.89292998032408)
	    --Point printed
	  pt: (42.985351894785566, 135.89292998032408)
	    --Point printed
	  pt: (42.985351894785566, 135.89292998032408)
	    --Point printed
	  pt: (127.26986455099363, 92.13691994581194)
	    --Point printed
	  pt: (124.17898965904216, 88.38190321810269)
	    --Point printed
	  pt: (121.0881147670907, 92.13691994581194)
	    --Point printed
	  pt: (121.0881147670907, 101.86699410567516)
	    --Point printed
	  pt: (127.26986455099363, 101.86699410567516)
	    --Point printed
	  pt: (127.26986455099363, 92.13691994581194)
	    --Point printed
	  pt: (127.26986455099363, 92.13691994581194)
	    --Point printed
	  pt: (131.49691335194552, 104.56160298583798)
	    --Point printed
	  pt: (116.86169999175767, 104.56160298583798)
	    --Point printed
	  pt: (116.86169999175767, 114.97008455788337)
	    --Point printed
	  pt: (131.49691335194552, 114.97008455788337)
	    --Point printed
	  pt: (131.49691335194552, 104.56160298583798)
	    --Point printed
	  pt: (131.49691335194552, 104.56160298583798)
	    --Point printed
	  pt: (111.89474329359402, 117.66469343804619)
	    --Point printed
	  pt: (111.89474329359402, 125.50220112560682)
	    --Point printed
	  pt: (127.24989274399948, 125.50220112560682)
	    --Point printed
	  pt: (127.74954455826379, 125.67627087793527)
	    --Point printed
	  pt: (128.13847964883436, 126.01875368527391)
	    --Point printed
	  pt: (128.37342576722384, 126.48628813928275)
	    --Point printed
	  pt: (128.41111066494494, 127.03551283162182)
	    --Point printed
	  pt: (128.23711025916856, 127.53509529933406)
	    --Point printed
	  pt: (127.89469679838197, 127.9240799231561)
	    --Point printed
	  pt: (127.42714253107255, 128.15910529474795)
	    --Point printed
	  pt: (127.06380622486354, 128.19681000576963)
	    --Point printed
	  pt: (111.89474329359402, 128.19681000576963)
	    --Point printed
	  pt: (111.89474329359402, 131.87732872326262)
	    --Point printed
	  pt: (136.4632360244903, 131.87732872326262)
	    --Point printed
	  pt: (136.4632360244903, 117.66469343804619)
	    --Point printed
	  pt: (111.89474329359402, 117.66469343804619)
	    --Point printed
	  pt: (111.89474329359402, 117.66469343804619)
	    --Point printed
--Found Elem: <Element '{http://www.w3.org/2000/svg}path' at 0x7f5bfc8b95d0>
  --Name: path
	Class : <class 'shapes.path'>
	Object: <Element '{http://www.w3.org/2000/svg}path' at 0x7f5bfc8b95d0>
	Attrs : [('d', 'M375.05,29.833h33.334c2.348,0,4.25-1.903,4.25-4.25s-1.902-4.25-4.25-4.25H375.05c-2.348,0-4.25,1.903-4.25,4.25   S372.702,29.833,375.05,29.833z')]
	Transform: None
	d: M375.05,29.833h33.334c2.348,0,4.25-1.903,4.25-4.25s-1.902-4.25-4.25-4.25H375.05c-2.348,0-4.25,1.903-4.25,4.25   S372.702,29.833,375.05,29.833z
	m: None
	d is GOOD!
	Points: <generator object point_generator at 0x7f5bfc9309b0>
	  pt: (118.89565417706646, 140.54255685624736)
	    --Point printed
	  pt: (118.89565417706646, 140.54255685624736)
	    --Point printed
	  pt: (129.64904568577268, 140.54255685624736)
	    --Point printed
	  pt: (130.14869750003697, 140.71662660857584)
	    --Point printed
	  pt: (130.53763259060756, 141.05910941591446)
	    --Point printed
	  pt: (130.77257870899703, 141.5266438699233)
	    --Point printed
	  pt: (130.81026360671814, 142.07586856226237)
	    --Point printed
	  pt: (130.63626320094176, 142.57545102997463)
	    --Point printed
	  pt: (130.29384974015517, 142.96443565379664)
	    --Point printed
	  pt: (129.82629547284574, 143.1994610253885)
	    --Point printed
	  pt: (129.46295916663675, 143.2371657364102)
	    --Point printed
	  pt: (118.70956765793049, 143.2371657364102)
	    --Point printed
	  pt: (118.20991584366618, 143.06309598408174)
	    --Point printed
	  pt: (117.82098075309563, 142.7206131767431)
	    --Point printed
	  pt: (117.58603463470612, 142.25307872273424)
	    --Point printed
	  pt: (117.54834973698505, 141.70385403039518)
	    --Point printed
	  pt: (117.72235014276143, 141.20427156268295)
	    --Point printed
	  pt: (118.064763603548, 140.8152869388609)
	    --Point printed
	  pt: (118.53231787085743, 140.58026156726908)
	    --Point printed
	  pt: (118.89565417706646, 140.54255685624736)
	    --Point printed
	  pt: (118.89565417706646, 140.54255685624736)
	    --Point printed
--Found Elem: <Element '{http://www.w3.org/2000/svg}g' at 0x7f5bfc8b9690>
  --No Name: g
--Found Elem: <Element '{http://www.w3.org/2000/svg}g' at 0x7f5bfc8b9810>
  --No Name: g
--Found Elem: <Element '{http://www.w3.org/2000/svg}g' at 0x7f5bfc8b9850>
  --No Name: g
--Found Elem: <Element '{http://www.w3.org/2000/svg}g' at 0x7f5bfc8b9890>
  --No Name: g
--Found Elem: <Element '{http://www.w3.org/2000/svg}g' at 0x7f5bfc8b98d0>
  --No Name: g
--Found Elem: <Element '{http://www.w3.org/2000/svg}g' at 0x7f5bfc8b9910>
  --No Name: g
--Found Elem: <Element '{http://www.w3.org/2000/svg}g' at 0x7f5bfc8b9950>
  --No Name: g
--Found Elem: <Element '{http://www.w3.org/2000/svg}g' at 0x7f5bfc8b9990>
  --No Name: g
--Found Elem: <Element '{http://www.w3.org/2000/svg}g' at 0x7f5bfc8b99d0>
  --No Name: g
--Found Elem: <Element '{http://www.w3.org/2000/svg}g' at 0x7f5bfc8b9a10>
  --No Name: g
--Found Elem: <Element '{http://www.w3.org/2000/svg}g' at 0x7f5bfc8b9a50>
  --No Name: g
--Found Elem: <Element '{http://www.w3.org/2000/svg}g' at 0x7f5bfc8b9a90>
  --No Name: g
--Found Elem: <Element '{http://www.w3.org/2000/svg}g' at 0x7f5bfc8b9ad0>
  --No Name: g
--Found Elem: <Element '{http://www.w3.org/2000/svg}g' at 0x7f5bfc8b9b10>
  --No Name: g
--Found Elem: <Element '{http://www.w3.org/2000/svg}g' at 0x7f5bfc8b9b50>
  --No Name: g
