Input File: img/NRXNe32G01.svg
Output File: img/gcode_output/NRXNe32G01.gcode
Log File: img/log/NRXNe32G01.log

wdth: 290.000000
hght: 272.000000
scale: 0.51724137931
x%: 0.51724137931
y%: 0.551470588235
--Found Elem: <Element '{http://www.w3.org/2000/svg}svg' at 0x7f941fa84490>
  --No Name: svg
--Found Elem: <Element '{http://www.w3.org/2000/svg}metadata' at 0x7f941fa84510>
  --No Name: metadata
--Found Elem: <Element '{http://www.w3.org/2000/svg}g' at 0x7f941fa84590>
  --No Name: g
--Found Elem: <Element '{http://www.w3.org/2000/svg}path' at 0x7f941fa84650>
  --Name: path
	Class : <class 'shapes.path'>
	Object: <Element '{http://www.w3.org/2000/svg}path' at 0x7f941fa84650>
	Attrs : [('d', 'M80 1335 l0 -1305 1403 1 c771 0 1396 3 1390 6 -10 4 -13 274 -13 1304 l0 1299 -1390 0 -1390 0 0 -1305z m2770 0 l0 -1295 -1380 0 -1380 0 0 1295 0 1295 1380 0 1380 0 0 -1295z')]
	Transform: None
	d: M80 1335 l0 -1305 1403 1 c771 0 1396 3 1390 6 -10 4 -13 274 -13 1304 l0 1299 -1390 0 -1390 0 0 -1305z m2770 0 l0 -1295 -1380 0 -1380 0 0 1295 0 1295 1380 0 1380 0 0 -1295z
	m: None
	d is GOOD!
	Points: <generator object point_generator at 0x7f941fafb910>
	  pt: (41.37931034482759, -540.5172413793103)
	    --POINT NOT PRINTED (150,150)
	  pt: (41.37931034482759, -540.5172413793103)
	    --POINT NOT PRINTED (150,150)
	  pt: (41.37931034482759, 134.48275862068965)
	    --Point printed
	  pt: (866.7672413793103, 133.9655172413793)
	    --POINT NOT PRINTED (150,150)
	  pt: (1134.4234913793105, 133.52909482758622)
	    --POINT NOT PRINTED (150,150)
	  pt: (1309.8329741379312, 132.85021551724137)
	    --POINT NOT PRINTED (150,150)
	  pt: (1390.8640894396553, 132.35924030172413)
	    --POINT NOT PRINTED (150,150)
	  pt: (1449.1365840517242, 131.81977370689654)
	    --POINT NOT PRINTED (150,150)
	  pt: (1477.049939385776, 131.34546740301724)
	    --POINT NOT PRINTED (150,150)
	  pt: (1484.0001810008082, 131.10433644261855)
	    --POINT NOT PRINTED (150,150)
	  pt: (1485.6433079160495, 130.9832737363618)
	    --POINT NOT PRINTED (150,150)
	  pt: (1486.0517830684269, 130.9105603448276)
	    --POINT NOT PRINTED (150,150)
	  pt: (1485.8728448275863, 130.79741379310346)
	    --POINT NOT PRINTED (150,150)
	  pt: (1485.4054839035562, 129.91604509024785)
	    --POINT NOT PRINTED (150,150)
	  pt: (1484.9588328394398, 128.16612506734913)
	    --POINT NOT PRINTED (150,150)
	  pt: (1484.5325127963363, 125.50086712015086)
	    --POINT NOT PRINTED (150,150)
	  pt: (1483.9917834051726, 120.6091729525862)
	    --POINT NOT PRINTED (150,150)
	  pt: (1483.2502693965519, 109.58748653017241)
	    --POINT NOT PRINTED (150,150)
	  pt: (1482.5835129310346, 94.09348060344827)
	    --POINT NOT PRINTED (150,150)
	  pt: (1481.988483297414, 73.75286233836206)
	    --POINT NOT PRINTED (150,150)
	  pt: (1481.2904094827588, 39.36691810344827)
	    --POINT NOT PRINTED (150,150)
	  pt: (1480.4741379310346, -32.8125)
	    --POINT NOT PRINTED (150,150)
	  pt: (1479.8922413793105, -130.86610991379314)
	    --POINT NOT PRINTED (150,150)
	  pt: (1479.5204741379312, -257.7882543103449)
	    --POINT NOT PRINTED (150,150)
	  pt: (1479.3345905172414, -416.57327586206895)
	    --POINT NOT PRINTED (150,150)
	  pt: (1479.3103448275863, -543.6206896551724)
	    --POINT NOT PRINTED (150,150)
	  pt: (1479.3103448275863, -1215.5172413793105)
	    --POINT NOT PRINTED (150,150)
	  pt: (760.344827586207, -1215.5172413793105)
	    --POINT NOT PRINTED (150,150)
	  pt: (41.37931034482759, -1215.5172413793105)
	    --POINT NOT PRINTED (150,150)
	  pt: (41.37931034482759, -540.5172413793103)
	    --POINT NOT PRINTED (150,150)
	  pt: (41.37931034482759, -540.5172413793103)
	    --POINT NOT PRINTED (150,150)
	  pt: (1474.1379310344828, -540.5172413793103)
	    --POINT NOT PRINTED (150,150)
	  pt: (1474.1379310344828, 129.31034482758622)
	    --POINT NOT PRINTED (150,150)
	  pt: (760.344827586207, 129.31034482758622)
	    --POINT NOT PRINTED (150,150)
	  pt: (46.55172413793104, 129.31034482758622)
	    --Point printed
	  pt: (46.55172413793104, -540.5172413793103)
	    --POINT NOT PRINTED (150,150)
	  pt: (46.55172413793104, -1210.344827586207)
	    --POINT NOT PRINTED (150,150)
	  pt: (760.344827586207, -1210.344827586207)
	    --POINT NOT PRINTED (150,150)
	  pt: (1474.1379310344828, -1210.344827586207)
	    --POINT NOT PRINTED (150,150)
	  pt: (1474.1379310344828, -540.5172413793103)
	    --POINT NOT PRINTED (150,150)
	  pt: (1474.1379310344828, -540.5172413793103)
	    --POINT NOT PRINTED (150,150)
--Found Elem: <Element '{http://www.w3.org/2000/svg}path' at 0x7f941fa847d0>
  --Name: path
	Class : <class 'shapes.path'>
	Object: <Element '{http://www.w3.org/2000/svg}path' at 0x7f941fa847d0>
	Attrs : [('d', 'M558 2233 c7 -3 16 -2 19 1 4 3 -2 6 -13 5 -11 0 -14 -3 -6 -6z')]
	Transform: None
	d: M558 2233 c7 -3 16 -2 19 1 4 3 -2 6 -13 5 -11 0 -14 -3 -6 -6z
	m: None
	d is GOOD!
	Points: <generator object point_generator at 0x7f941fafb960>
	  pt: (288.62068965517244, -1005.0)
	    --POINT NOT PRINTED (150,150)
	  pt: (289.073275862069, -1004.8060344827586)
	    --POINT NOT PRINTED (150,150)
	  pt: (290.49568965517244, -1004.3817349137933)
	    --POINT NOT PRINTED (150,150)
	  pt: (291.9504310344828, -1004.1352370689656)
	    --POINT NOT PRINTED (150,150)
	  pt: (293.38900862068965, -1004.0544181034484)
	    --POINT NOT PRINTED (150,150)
	  pt: (294.7629310344828, -1004.127155172414)
	    --POINT NOT PRINTED (150,150)
	  pt: (296.02370689655174, -1004.3413254310346)
	    --POINT NOT PRINTED (150,150)
	  pt: (297.1228448275862, -1004.6848060344828)
	    --POINT NOT PRINTED (150,150)
	  pt: (298.0118534482759, -1005.1454741379312)
	    --POINT NOT PRINTED (150,150)
	  pt: (298.7068965517242, -1005.7112068965519)
	    --POINT NOT PRINTED (150,150)
	  pt: (299.08876616379314, -1006.2850215517242)
	    --POINT NOT PRINTED (150,150)
	  pt: (299.02613146551727, -1006.8265086206898)
	    --POINT NOT PRINTED (150,150)
	  pt: (298.5492995689655, -1007.3114224137933)
	    --POINT NOT PRINTED (150,150)
	  pt: (297.6885775862069, -1007.7155172413793)
	    --POINT NOT PRINTED (150,150)
	  pt: (296.47427262931035, -1008.0145474137933)
	    --POINT NOT PRINTED (150,150)
	  pt: (294.9366918103448, -1008.1842672413793)
	    --POINT NOT PRINTED (150,150)
	  pt: (293.1061422413793, -1008.2004310344828)
	    --POINT NOT PRINTED (150,150)
	  pt: (291.0129310344828, -1008.1034482758621)
	    --POINT NOT PRINTED (150,150)
	  pt: (289.20864762931035, -1007.98828125)
	    --POINT NOT PRINTED (150,150)
	  pt: (287.8165409482759, -1007.7518857758621)
	    --POINT NOT PRINTED (150,150)
	  pt: (286.8547952586207, -1007.4124461206898)
	    --POINT NOT PRINTED (150,150)
	  pt: (286.3415948275862, -1006.9881465517242)
	    --POINT NOT PRINTED (150,150)
	  pt: (286.29512392241384, -1006.497171336207)
	    --POINT NOT PRINTED (150,150)
	  pt: (286.7335668103448, -1005.9577047413793)
	    --POINT NOT PRINTED (150,150)
	  pt: (287.6751077586207, -1005.3879310344828)
	    --POINT NOT PRINTED (150,150)
	  pt: (288.62068965517244, -1005.0)
	    --POINT NOT PRINTED (150,150)
	  pt: (288.62068965517244, -1005.0)
	    --POINT NOT PRINTED (150,150)
--Found Elem: <Element '{http://www.w3.org/2000/svg}path' at 0x7f941fa84810>
  --Name: path
	Class : <class 'shapes.path'>
	Object: <Element '{http://www.w3.org/2000/svg}path' at 0x7f941fa84810>
	Attrs : [('d', 'M2018 2233 c7 -3 16 -2 19 1 4 3 -2 6 -13 5 -11 0 -14 -3 -6 -6z')]
	Transform: None
	d: M2018 2233 c7 -3 16 -2 19 1 4 3 -2 6 -13 5 -11 0 -14 -3 -6 -6z
	m: None
	d is GOOD!
	Points: <generator object point_generator at 0x7f941fafb910>
	  pt: (1043.793103448276, -1005.0)
	    --POINT NOT PRINTED (150,150)
	  pt: (1044.2456896551726, -1004.8060344827586)
	    --POINT NOT PRINTED (150,150)
	  pt: (1045.668103448276, -1004.3817349137933)
	    --POINT NOT PRINTED (150,150)
	  pt: (1047.1228448275863, -1004.1352370689656)
	    --POINT NOT PRINTED (150,150)
	  pt: (1048.5614224137933, -1004.0544181034484)
	    --POINT NOT PRINTED (150,150)
	  pt: (1049.9353448275863, -1004.127155172414)
	    --POINT NOT PRINTED (150,150)
	  pt: (1051.1961206896553, -1004.3413254310346)
	    --POINT NOT PRINTED (150,150)
	  pt: (1052.2952586206898, -1004.6848060344828)
	    --POINT NOT PRINTED (150,150)
	  pt: (1053.1842672413793, -1005.1454741379312)
	    --POINT NOT PRINTED (150,150)
	  pt: (1053.8793103448277, -1005.7112068965519)
	    --POINT NOT PRINTED (150,150)
	  pt: (1054.2611799568965, -1006.2850215517242)
	    --POINT NOT PRINTED (150,150)
	  pt: (1054.1985452586207, -1006.8265086206898)
	    --POINT NOT PRINTED (150,150)
	  pt: (1053.721713362069, -1007.3114224137933)
	    --POINT NOT PRINTED (150,150)
	  pt: (1052.8609913793105, -1007.7155172413793)
	    --POINT NOT PRINTED (150,150)
	  pt: (1051.646686422414, -1008.0145474137933)
	    --POINT NOT PRINTED (150,150)
	  pt: (1050.1091056034484, -1008.1842672413793)
	    --POINT NOT PRINTED (150,150)
	  pt: (1048.2785560344828, -1008.2004310344828)
	    --POINT NOT PRINTED (150,150)
	  pt: (1046.1853448275863, -1008.1034482758621)
	    --POINT NOT PRINTED (150,150)
	  pt: (1044.381061422414, -1007.98828125)
	    --POINT NOT PRINTED (150,150)
	  pt: (1042.9889547413793, -1007.7518857758621)
	    --POINT NOT PRINTED (150,150)
	  pt: (1042.0272090517242, -1007.4124461206898)
	    --POINT NOT PRINTED (150,150)
	  pt: (1041.5140086206898, -1006.9881465517242)
	    --POINT NOT PRINTED (150,150)
	  pt: (1041.4675377155172, -1006.497171336207)
	    --POINT NOT PRINTED (150,150)
	  pt: (1041.9059806034484, -1005.9577047413793)
	    --POINT NOT PRINTED (150,150)
	  pt: (1042.8475215517242, -1005.3879310344828)
	    --POINT NOT PRINTED (150,150)
	  pt: (1043.793103448276, -1005.0)
	    --POINT NOT PRINTED (150,150)
	  pt: (1043.793103448276, -1005.0)
	    --POINT NOT PRINTED (150,150)
--Found Elem: <Element '{http://www.w3.org/2000/svg}path' at 0x7f941fa84850>
  --Name: path
	Class : <class 'shapes.path'>
	Object: <Element '{http://www.w3.org/2000/svg}path' at 0x7f941fa84850>
	Attrs : [('d', 'M485 2169 c-11 -16 -1 -19 13 -3 7 8 8 14 3 14 -5 0 -13 -5 -16 -11z')]
	Transform: None
	d: M485 2169 c-11 -16 -1 -19 13 -3 7 8 8 14 3 14 -5 0 -13 -5 -16 -11z
	m: None
	d is GOOD!
	Points: <generator object point_generator at 0x7f941fafb320>
	  pt: (250.86206896551727, -971.8965517241379)
	    --POINT NOT PRINTED (150,150)
	  pt: (250.15086206896552, -970.8620689655172)
	    --POINT NOT PRINTED (150,150)
	  pt: (248.83149245689657, -968.2960668103449)
	    --POINT NOT PRINTED (150,150)
	  pt: (248.4435614224138, -966.7039331896553)
	    --POINT NOT PRINTED (150,150)
	  pt: (248.45694706357762, -965.9669652478449)
	    --POINT NOT PRINTED (150,150)
	  pt: (248.65621632543105, -965.4118399784484)
	    --POINT NOT PRINTED (150,150)
	  pt: (249.02848868534485, -965.043103448276)
	    --POINT NOT PRINTED (150,150)
	  pt: (249.56088362068968, -964.8653017241379)
	    --POINT NOT PRINTED (150,150)
	  pt: (250.24052060883622, -964.8829808728449)
	    --POINT NOT PRINTED (150,150)
	  pt: (251.3328394396552, -965.1845366379312)
	    --POINT NOT PRINTED (150,150)
	  pt: (253.38766163793105, -966.3766163793105)
	    --POINT NOT PRINTED (150,150)
	  pt: (255.80818965517244, -968.4294181034484)
	    --POINT NOT PRINTED (150,150)
	  pt: (258.0387931034483, -970.8620689655172)
	    --POINT NOT PRINTED (150,150)
	  pt: (259.1540948275862, -972.3248922413793)
	    --POINT NOT PRINTED (150,150)
	  pt: (259.9784482758621, -973.658405172414)
	    --POINT NOT PRINTED (150,150)
	  pt: (260.5118534482759, -974.8383620689656)
	    --POINT NOT PRINTED (150,150)
	  pt: (260.7543103448276, -975.8405172413793)
	    --POINT NOT PRINTED (150,150)
	  pt: (260.70581896551727, -976.640625)
	    --POINT NOT PRINTED (150,150)
	  pt: (260.3663793103448, -977.2144396551726)
	    --POINT NOT PRINTED (150,150)
	  pt: (259.73599137931035, -977.5377155172414)
	    --POINT NOT PRINTED (150,150)
	  pt: (258.81465517241384, -977.5862068965519)
	    --POINT NOT PRINTED (150,150)
	  pt: (257.7397629310345, -977.3922413793105)
	    --POINT NOT PRINTED (150,150)
	  pt: (256.1961206896552, -976.8426724137933)
	    --POINT NOT PRINTED (150,150)
	  pt: (254.2241379310345, -975.6465517241379)
	    --POINT NOT PRINTED (150,150)
	  pt: (253.11691810344828, -974.7575431034484)
	    --POINT NOT PRINTED (150,150)
	  pt: (252.12284482758622, -973.7553879310346)
	    --POINT NOT PRINTED (150,150)
	  pt: (251.29040948275863, -972.6643318965519)
	    --POINT NOT PRINTED (150,150)
	  pt: (250.86206896551727, -971.8965517241379)
	    --POINT NOT PRINTED (150,150)
	  pt: (250.86206896551727, -971.8965517241379)
	    --POINT NOT PRINTED (150,150)
--Found Elem: <Element '{http://www.w3.org/2000/svg}path' at 0x7f941fa84890>
  --Name: path
	Class : <class 'shapes.path'>
	Object: <Element '{http://www.w3.org/2000/svg}path' at 0x7f941fa84890>
	Attrs : [('d', 'M550 1745 l0 -425 775 0 775 0 0 425 0 425 -775 0 -775 0 0 -425z m1524 389 c4 -10 1 -14 -6 -12 -15 5 -23 28 -10 28 5 0 13 -7 16 -16z m-24 -389 l0 -375 -725 0 -725 0 0 375 0 375 725 0 725 0 0 -375z m21 -398 c-16 -16 -25 -1 -10 16 8 8 16 11 18 5 2 -5 -2 -15 -8 -21z')]
	Transform: None
	d: M550 1745 l0 -425 775 0 775 0 0 425 0 425 -775 0 -775 0 0 -425z m1524 389 c4 -10 1 -14 -6 -12 -15 5 -23 28 -10 28 5 0 13 -7 16 -16z m-24 -389 l0 -375 -725 0 -725 0 0 375 0 375 725 0 725 0 0 -375z m21 -398 c-16 -16 -25 -1 -10 16 8 8 16 11 18 5 2 -5 -2 -15 -8 -21z
	m: None
	d is GOOD!
	Points: <generator object point_generator at 0x7f941fafb960>
	  pt: (284.48275862068965, -752.5862068965517)
	    --POINT NOT PRINTED (150,150)
	  pt: (284.48275862068965, -752.5862068965517)
	    --POINT NOT PRINTED (150,150)
	  pt: (284.48275862068965, -532.7586206896552)
	    --POINT NOT PRINTED (150,150)
	  pt: (685.344827586207, -532.7586206896552)
	    --POINT NOT PRINTED (150,150)
	  pt: (1086.2068965517242, -532.7586206896552)
	    --POINT NOT PRINTED (150,150)
	  pt: (1086.2068965517242, -752.5862068965517)
	    --POINT NOT PRINTED (150,150)
	  pt: (1086.2068965517242, -972.4137931034484)
	    --POINT NOT PRINTED (150,150)
	  pt: (685.344827586207, -972.4137931034484)
	    --POINT NOT PRINTED (150,150)
	  pt: (284.48275862068965, -972.4137931034484)
	    --POINT NOT PRINTED (150,150)
	  pt: (284.48275862068965, -752.5862068965517)
	    --POINT NOT PRINTED (150,150)
	  pt: (284.48275862068965, -752.5862068965517)
	    --POINT NOT PRINTED (150,150)
	  pt: (1073.0172413793105, -953.1465517241379)
	    --POINT NOT PRINTED (150,150)
	  pt: (1073.5162984913793, -951.449353448276)
	    --POINT NOT PRINTED (150,150)
	  pt: (1073.7001616379312, -950.043103448276)
	    --POINT NOT PRINTED (150,150)
	  pt: (1073.587015086207, -948.9278017241379)
	    --POINT NOT PRINTED (150,150)
	  pt: (1073.1950431034484, -948.1034482758621)
	    --POINT NOT PRINTED (150,150)
	  pt: (1072.5424299568965, -947.5700431034484)
	    --POINT NOT PRINTED (150,150)
	  pt: (1071.6473599137933, -947.3275862068965)
	    --POINT NOT PRINTED (150,150)
	  pt: (1070.5280172413793, -947.376077586207)
	    --POINT NOT PRINTED (150,150)
	  pt: (1069.1702586206898, -947.7478448275863)
	    --POINT NOT PRINTED (150,150)
	  pt: (1067.7897696659484, -948.4042463631465)
	    --POINT NOT PRINTED (150,150)
	  pt: (1066.5082839439656, -949.237439385776)
	    --POINT NOT PRINTED (150,150)
	  pt: (1065.3364089439656, -950.2163591056035)
	    --POINT NOT PRINTED (150,150)
	  pt: (1063.9412715517242, -951.6796875)
	    --POINT NOT PRINTED (150,150)
	  pt: (1062.3329741379312, -954.1285021551726)
	    --POINT NOT PRINTED (150,150)
	  pt: (1061.4924568965519, -956.2095905172414)
	    --POINT NOT PRINTED (150,150)
	  pt: (1061.2010035021553, -957.4105098329742)
	    --POINT NOT PRINTED (150,150)
	  pt: (1061.0934132543105, -958.5397023168105)
	    --POINT NOT PRINTED (150,150)
	  pt: (1061.1802936422414, -959.5661031788793)
	    --POINT NOT PRINTED (150,150)
	  pt: (1061.4722521551726, -960.4586476293105)
	    --POINT NOT PRINTED (150,150)
	  pt: (1061.9798962823277, -961.1862708782328)
	    --POINT NOT PRINTED (150,150)
	  pt: (1062.7138335129312, -961.717908135776)
	    --POINT NOT PRINTED (150,150)
	  pt: (1063.684671336207, -962.0224946120691)
	    --POINT NOT PRINTED (150,150)
	  pt: (1064.8060344827586, -962.0689655172414)
	    --POINT NOT PRINTED (150,150)
	  pt: (1065.880926724138, -961.7962015086207)
	    --POINT NOT PRINTED (150,150)
	  pt: (1067.0366379310346, -961.2244073275863)
	    --POINT NOT PRINTED (150,150)
	  pt: (1068.224676724138, -960.383890086207)
	    --POINT NOT PRINTED (150,150)
	  pt: (1069.396551724138, -959.3049568965519)
	    --POINT NOT PRINTED (150,150)
	  pt: (1070.5037715517242, -958.0179148706898)
	    --POINT NOT PRINTED (150,150)
	  pt: (1071.4978448275863, -956.5530711206898)
	    --POINT NOT PRINTED (150,150)
	  pt: (1072.330280172414, -954.9407327586207)
	    --POINT NOT PRINTED (150,150)
	  pt: (1072.7586206896553, -953.793103448276)
	    --POINT NOT PRINTED (150,150)
	  pt: (1072.7586206896553, -953.793103448276)
	    --POINT NOT PRINTED (150,150)
	  pt: (1060.344827586207, -752.5862068965517)
	    --POINT NOT PRINTED (150,150)
	  pt: (1060.344827586207, -558.6206896551724)
	    --POINT NOT PRINTED (150,150)
	  pt: (685.344827586207, -558.6206896551724)
	    --POINT NOT PRINTED (150,150)
	  pt: (310.3448275862069, -558.6206896551724)
	    --POINT NOT PRINTED (150,150)
	  pt: (310.3448275862069, -752.5862068965517)
	    --POINT NOT PRINTED (150,150)
	  pt: (310.3448275862069, -946.5517241379312)
	    --POINT NOT PRINTED (150,150)
	  pt: (685.344827586207, -946.5517241379312)
	    --POINT NOT PRINTED (150,150)
	  pt: (1060.344827586207, -946.5517241379312)
	    --POINT NOT PRINTED (150,150)
	  pt: (1060.344827586207, -752.5862068965517)
	    --POINT NOT PRINTED (150,150)
	  pt: (1060.344827586207, -752.5862068965517)
	    --POINT NOT PRINTED (150,150)
	  pt: (1070.689655172414, -546.2068965517242)
	    --POINT NOT PRINTED (150,150)
	  pt: (1069.2129411368535, -544.9610216864224)
	    --POINT NOT PRINTED (150,150)
	  pt: (1067.8382610452586, -544.0616581357759)
	    --POINT NOT PRINTED (150,150)
	  pt: (1066.5784954202586, -543.4868332435345)
	    --POINT NOT PRINTED (150,150)
	  pt: (1065.4465247844828, -543.2145743534484)
	    --POINT NOT PRINTED (150,150)
	  pt: (1064.4552296605605, -543.2229088092673)
	    --POINT NOT PRINTED (150,150)
	  pt: (1063.6174905711207, -543.4898639547414)
	    --POINT NOT PRINTED (150,150)
	  pt: (1062.9461880387933, -543.9934671336207)
	    --POINT NOT PRINTED (150,150)
	  pt: (1062.454202586207, -544.7117456896552)
	    --POINT NOT PRINTED (150,150)
	  pt: (1062.1544147359914, -545.6227269665949)
	    --POINT NOT PRINTED (150,150)
	  pt: (1062.059705010776, -546.7044383081897)
	    --POINT NOT PRINTED (150,150)
	  pt: (1062.1829539331898, -547.9349070581897)
	    --POINT NOT PRINTED (150,150)
	  pt: (1062.537042025862, -549.2921605603449)
	    --POINT NOT PRINTED (150,150)
	  pt: (1063.1348498114226, -550.7542261584052)
	    --POINT NOT PRINTED (150,150)
	  pt: (1063.9892578125, -552.2991311961207)
	    --POINT NOT PRINTED (150,150)
	  pt: (1065.1131465517242, -553.9049030172414)
	    --POINT NOT PRINTED (150,150)
	  pt: (1066.5517241379312, -555.5172413793103)
	    --POINT NOT PRINTED (150,150)
	  pt: (1068.0913254310346, -556.8588362068966)
	    --POINT NOT PRINTED (150,150)
	  pt: (1069.5824353448277, -557.9256465517242)
	    --POINT NOT PRINTED (150,150)
	  pt: (1070.9886853448277, -558.693426724138)
	    --POINT NOT PRINTED (150,150)
	  pt: (1072.2737068965519, -559.1379310344828)
	    --POINT NOT PRINTED (150,150)
	  pt: (1073.4011314655172, -559.2349137931035)
	    --POINT NOT PRINTED (150,150)
	  pt: (1074.3345905172414, -558.9601293103449)
	    --POINT NOT PRINTED (150,150)
	  pt: (1075.0377155172414, -558.2893318965517)
	    --POINT NOT PRINTED (150,150)
	  pt: (1075.4741379310346, -557.2629310344828)
	    --POINT NOT PRINTED (150,150)
	  pt: (1075.6276939655172, -556.1092403017242)
	    --POINT NOT PRINTED (150,150)
	  pt: (1075.5226293103449, -554.7858297413793)
	    --POINT NOT PRINTED (150,150)
	  pt: (1075.1831896551726, -553.3472521551724)
	    --POINT NOT PRINTED (150,150)
	  pt: (1074.6336206896553, -551.8480603448277)
	    --POINT NOT PRINTED (150,150)
	  pt: (1073.8981681034484, -550.3428071120691)
	    --POINT NOT PRINTED (150,150)
	  pt: (1073.001077586207, -548.8860452586207)
	    --POINT NOT PRINTED (150,150)
	  pt: (1071.9665948275863, -547.532327586207)
	    --POINT NOT PRINTED (150,150)
	  pt: (1071.2068965517242, -546.7241379310345)
	    --POINT NOT PRINTED (150,150)
	  pt: (1071.2068965517242, -546.7241379310345)
	    --POINT NOT PRINTED (150,150)
--Found Elem: <Element '{http://www.w3.org/2000/svg}path' at 0x7f941fa848d0>
  --Name: path
	Class : <class 'shapes.path'>
	Object: <Element '{http://www.w3.org/2000/svg}path' at 0x7f941fa848d0>
	Attrs : [('d', 'M484 1760 c0 -69 1 -97 3 -62 2 34 2 90 0 125 -2 34 -3 6 -3 -63z')]
	Transform: None
	d: M484 1760 c0 -69 1 -97 3 -62 2 34 2 90 0 125 -2 34 -3 6 -3 -63z
	m: None
	d is GOOD!
	Points: <generator object point_generator at 0x7f941fafb910>
	  pt: (250.34482758620692, -760.344827586207)
	    --POINT NOT PRINTED (150,150)
	  pt: (250.34482758620692, -751.4224137931035)
	    --POINT NOT PRINTED (150,150)
	  pt: (250.5064655172414, -731.6379310344828)
	    --POINT NOT PRINTED (150,150)
	  pt: (250.79741379310346, -722.6831896551724)
	    --POINT NOT PRINTED (150,150)
	  pt: (250.99137931034485, -720.760708512931)
	    --POINT NOT PRINTED (150,150)
	  pt: (251.12271012931035, -720.4313712284484)
	    --POINT NOT PRINTED (150,150)
	  pt: (251.3146551724138, -720.9455818965517)
	    --POINT NOT PRINTED (150,150)
	  pt: (251.6460129310345, -724.2591594827587)
	    --POINT NOT PRINTED (150,150)
	  pt: (252.1551724137931, -732.6724137931035)
	    --POINT NOT PRINTED (150,150)
	  pt: (252.60775862068968, -748.7230603448277)
	    --POINT NOT PRINTED (150,150)
	  pt: (252.67241379310346, -766.2607758620691)
	    --POINT NOT PRINTED (150,150)
	  pt: (252.3491379310345, -783.2004310344828)
	    --POINT NOT PRINTED (150,150)
	  pt: (251.76724137931035, -795.1293103448277)
	    --POINT NOT PRINTED (150,150)
	  pt: (251.41971982758622, -799.2611799568966)
	    --POINT NOT PRINTED (150,150)
	  pt: (251.16918103448276, -800.4168911637931)
	    --POINT NOT PRINTED (150,150)
	  pt: (251.0338092672414, -800.2671235183191)
	    --POINT NOT PRINTED (150,150)
	  pt: (250.87015086206898, -799.1419719827587)
	    --POINT NOT PRINTED (150,150)
	  pt: (250.6034482758621, -793.6745689655173)
	    --POINT NOT PRINTED (150,150)
	  pt: (250.3771551724138, -776.864224137931)
	    --POINT NOT PRINTED (150,150)
	  pt: (250.34482758620692, -760.344827586207)
	    --POINT NOT PRINTED (150,150)
	  pt: (250.34482758620692, -760.344827586207)
	    --POINT NOT PRINTED (150,150)
--Found Elem: <Element '{http://www.w3.org/2000/svg}path' at 0x7f941fa84910>
  --Name: path
	Class : <class 'shapes.path'>
	Object: <Element '{http://www.w3.org/2000/svg}path' at 0x7f941fa84910>
	Attrs : [('d', 'M482 1420 c0 -14 2 -19 5 -12 2 6 2 18 0 25 -3 6 -5 1 -5 -13z')]
	Transform: None
	d: M482 1420 c0 -14 2 -19 5 -12 2 6 2 18 0 25 -3 6 -5 1 -5 -13z
	m: None
	d is GOOD!
	Points: <generator object point_generator at 0x7f941fafb960>
	  pt: (249.31034482758622, -584.4827586206897)
	    --POINT NOT PRINTED (150,150)
	  pt: (249.31034482758622, -582.6724137931035)
	    --POINT NOT PRINTED (150,150)
	  pt: (249.5568426724138, -579.3467133620691)
	    --POINT NOT PRINTED (150,150)
	  pt: (249.80738146551727, -577.9404633620691)
	    --POINT NOT PRINTED (150,150)
	  pt: (250.1346982758621, -577.03125)
	    --POINT NOT PRINTED (150,150)
	  pt: (250.5327316810345, -576.6372575431035)
	    --POINT NOT PRINTED (150,150)
	  pt: (250.9954202586207, -576.7766702586207)
	    --POINT NOT PRINTED (150,150)
	  pt: (251.51670258620692, -577.4676724137931)
	    --POINT NOT PRINTED (150,150)
	  pt: (252.1551724137931, -579.051724137931)
	    --POINT NOT PRINTED (150,150)
	  pt: (252.60775862068968, -582.1713362068966)
	    --POINT NOT PRINTED (150,150)
	  pt: (252.67241379310346, -585.7435344827587)
	    --POINT NOT PRINTED (150,150)
	  pt: (252.3491379310345, -589.2349137931035)
	    --POINT NOT PRINTED (150,150)
	  pt: (251.70258620689657, -591.594827586207)
	    --POINT NOT PRINTED (150,150)
	  pt: (251.16311961206898, -592.3181573275863)
	    --POINT NOT PRINTED (150,150)
	  pt: (250.68022629310346, -592.5242456896552)
	    --POINT NOT PRINTED (150,150)
	  pt: (250.2599676724138, -592.2252155172414)
	    --POINT NOT PRINTED (150,150)
	  pt: (249.9084051724138, -591.4331896551724)
	    --POINT NOT PRINTED (150,150)
	  pt: (249.63160021551727, -590.1602909482759)
	    --POINT NOT PRINTED (150,150)
	  pt: (249.37500000000003, -587.8125)
	    --POINT NOT PRINTED (150,150)
	  pt: (249.31034482758622, -584.4827586206897)
	    --POINT NOT PRINTED (150,150)
	  pt: (249.31034482758622, -584.4827586206897)
	    --POINT NOT PRINTED (150,150)
--Found Elem: <Element '{http://www.w3.org/2000/svg}path' at 0x7f941fa84950>
  --Name: path
	Class : <class 'shapes.path'>
	Object: <Element '{http://www.w3.org/2000/svg}path' at 0x7f941fa84950>
	Attrs : [('d', 'M2145 1339 c-4 -6 -5 -12 -2 -15 2 -3 7 2 10 11 7 17 1 20 -8 4z')]
	Transform: None
	d: M2145 1339 c-4 -6 -5 -12 -2 -15 2 -3 7 2 10 11 7 17 1 20 -8 4z
	m: None
	d is GOOD!
	Points: <generator object point_generator at 0x7f941fafb910>
	  pt: (1109.4827586206898, -542.5862068965517)
	    --POINT NOT PRINTED (150,150)
	  pt: (1108.9655172413793, -541.8103448275863)
	    --POINT NOT PRINTED (150,150)
	  pt: (1107.9148706896553, -539.53125)
	    --POINT NOT PRINTED (150,150)
	  pt: (1107.5592672413793, -537.7855603448277)
	    --POINT NOT PRINTED (150,150)
	  pt: (1107.5572467672414, -536.8339170258621)
	    --POINT NOT PRINTED (150,150)
	  pt: (1107.7330280172414, -535.9792564655173)
	    --POINT NOT PRINTED (150,150)
	  pt: (1108.0926724137933, -535.2397629310345)
	    --POINT NOT PRINTED (150,150)
	  pt: (1108.5775862068965, -534.6336206896552)
	    --POINT NOT PRINTED (150,150)
	  pt: (1109.0766433189656, -534.3669181034484)
	    --POINT NOT PRINTED (150,150)
	  pt: (1109.680765086207, -534.4558189655173)
	    --POINT NOT PRINTED (150,150)
	  pt: (1110.3596443965519, -534.876077586207)
	    --POINT NOT PRINTED (150,150)
	  pt: (1111.0829741379312, -535.6034482758621)
	    --POINT NOT PRINTED (150,150)
	  pt: (1111.820447198276, -536.6136853448277)
	    --POINT NOT PRINTED (150,150)
	  pt: (1112.7801724137933, -538.3189655172414)
	    --POINT NOT PRINTED (150,150)
	  pt: (1114.073275862069, -541.6163793103449)
	    --POINT NOT PRINTED (150,150)
	  pt: (1114.925915948276, -544.337957974138)
	    --POINT NOT PRINTED (150,150)
	  pt: (1115.2289870689656, -546.3402478448277)
	    --POINT NOT PRINTED (150,150)
	  pt: (1115.0865436422414, -547.4055428340517)
	    --POINT NOT PRINTED (150,150)
	  pt: (1114.865301724138, -547.8061018318966)
	    --POINT NOT PRINTED (150,150)
	  pt: (1114.542025862069, -548.0091594827587)
	    --POINT NOT PRINTED (150,150)
	  pt: (1114.1242928340519, -548.0109273976293)
	    --POINT NOT PRINTED (150,150)
	  pt: (1113.4469288793105, -547.7283135775863)
	    --POINT NOT PRINTED (150,150)
	  pt: (1112.1578663793105, -546.5503771551724)
	    --POINT NOT PRINTED (150,150)
	  pt: (1110.6223060344828, -544.5016163793103)
	    --POINT NOT PRINTED (150,150)
	  pt: (1109.4827586206898, -542.5862068965517)
	    --POINT NOT PRINTED (150,150)
	  pt: (1109.4827586206898, -542.5862068965517)
	    --POINT NOT PRINTED (150,150)
--Found Elem: <Element '{http://www.w3.org/2000/svg}path' at 0x7f941fa84990>
  --Name: path
	Class : <class 'shapes.path'>
	Object: <Element '{http://www.w3.org/2000/svg}path' at 0x7f941fa84990>
	Attrs : [('d', 'M485 1330 c3 -5 8 -10 11 -10 2 0 4 5 4 10 0 6 -5 10 -11 10 -5 0 -7 -4 -4 -10z')]
	Transform: None
	d: M485 1330 c3 -5 8 -10 11 -10 2 0 4 5 4 10 0 6 -5 10 -11 10 -5 0 -7 -4 -4 -10z
	m: None
	d is GOOD!
	Points: <generator object point_generator at 0x7f941fafb320>
	  pt: (250.86206896551727, -537.9310344827587)
	    --POINT NOT PRINTED (150,150)
	  pt: (251.25000000000003, -537.2844827586207)
	    --POINT NOT PRINTED (150,150)
	  pt: (252.67241379310346, -535.4256465517242)
	    --POINT NOT PRINTED (150,150)
	  pt: (254.2241379310345, -533.8900862068966)
	    --POINT NOT PRINTED (150,150)
	  pt: (255.46875000000003, -533.0616918103449)
	    --POINT NOT PRINTED (150,150)
	  pt: (256.1476293103448, -532.7990301724138)
	    --POINT NOT PRINTED (150,150)
	  pt: (256.68103448275866, -532.7586206896552)
	    --POINT NOT PRINTED (150,150)
	  pt: (257.0649245689655, -532.9505657327587)
	    --POINT NOT PRINTED (150,150)
	  pt: (257.5538793103448, -533.4859913793103)
	    --POINT NOT PRINTED (150,150)
	  pt: (258.1681034482759, -534.8599137931035)
	    --POINT NOT PRINTED (150,150)
	  pt: (258.55603448275866, -536.6379310344828)
	    --POINT NOT PRINTED (150,150)
	  pt: (258.62068965517244, -538.3189655172414)
	    --POINT NOT PRINTED (150,150)
	  pt: (258.42672413793105, -539.3978987068966)
	    --POINT NOT PRINTED (150,150)
	  pt: (258.0226293103448, -540.3636853448277)
	    --POINT NOT PRINTED (150,150)
	  pt: (257.432650862069, -541.204202586207)
	    --POINT NOT PRINTED (150,150)
	  pt: (256.68103448275866, -541.907327586207)
	    --POINT NOT PRINTED (150,150)
	  pt: (255.79202586206898, -542.4609375)
	    --POINT NOT PRINTED (150,150)
	  pt: (254.7898706896552, -542.8529094827587)
	    --POINT NOT PRINTED (150,150)
	  pt: (253.69881465517244, -543.0711206896552)
	    --POINT NOT PRINTED (150,150)
	  pt: (252.60775862068968, -543.1034482758621)
	    --POINT NOT PRINTED (150,150)
	  pt: (251.7632004310345, -542.9458512931035)
	    --POINT NOT PRINTED (150,150)
	  pt: (251.0802801724138, -542.610452586207)
	    --POINT NOT PRINTED (150,150)
	  pt: (250.5711206896552, -542.109375)
	    --POINT NOT PRINTED (150,150)
	  pt: (250.24784482758622, -541.4547413793103)
	    --POINT NOT PRINTED (150,150)
	  pt: (250.1225754310345, -540.6586745689656)
	    --POINT NOT PRINTED (150,150)
	  pt: (250.20743534482762, -539.7332974137931)
	    --POINT NOT PRINTED (150,150)
	  pt: (250.5145474137931, -538.6907327586207)
	    --POINT NOT PRINTED (150,150)
	  pt: (250.86206896551727, -537.9310344827587)
	    --POINT NOT PRINTED (150,150)
	  pt: (250.86206896551727, -537.9310344827587)
	    --POINT NOT PRINTED (150,150)
--Found Elem: <Element '{http://www.w3.org/2000/svg}path' at 0x7f941fa849d0>
  --Name: path
	Class : <class 'shapes.path'>
	Object: <Element '{http://www.w3.org/2000/svg}path' at 0x7f941fa849d0>
	Attrs : [('d', 'M2146 1295 c-3 -8 -1 -15 4 -15 6 0 10 7 10 15 0 8 -2 15 -4 15 -2 0 -6 -7 -10 -15z')]
	Transform: None
	d: M2146 1295 c-3 -8 -1 -15 4 -15 6 0 10 7 10 15 0 8 -2 15 -4 15 -2 0 -6 -7 -10 -15z
	m: None
	d is GOOD!
	Points: <generator object point_generator at 0x7f941fafb910>
	  pt: (1110.0, -519.8275862068966)
	    --POINT NOT PRINTED (150,150)
	  pt: (1109.8060344827586, -519.3103448275863)
	    --POINT NOT PRINTED (150,150)
	  pt: (1109.4221443965519, -517.8111530172414)
	    --POINT NOT PRINTED (150,150)
	  pt: (1109.2645474137933, -516.4089439655173)
	    --POINT NOT PRINTED (150,150)
	  pt: (1109.3211206896553, -515.1400862068966)
	    --POINT NOT PRINTED (150,150)
	  pt: (1109.5797413793105, -514.0409482758621)
	    --POINT NOT PRINTED (150,150)
	  pt: (1110.0282866379312, -513.1478987068966)
	    --POINT NOT PRINTED (150,150)
	  pt: (1110.6546336206898, -512.4973060344828)
	    --POINT NOT PRINTED (150,150)
	  pt: (1111.4466594827586, -512.1255387931035)
	    --POINT NOT PRINTED (150,150)
	  pt: (1112.4568965517242, -512.0689655172414)
	    --POINT NOT PRINTED (150,150)
	  pt: (1113.5358297413793, -512.3397090517242)
	    --POINT NOT PRINTED (150,150)
	  pt: (1114.5016163793105, -512.901400862069)
	    --POINT NOT PRINTED (150,150)
	  pt: (1115.3421336206898, -513.7176724137931)
	    --POINT NOT PRINTED (150,150)
	  pt: (1116.0452586206898, -514.7521551724138)
	    --POINT NOT PRINTED (150,150)
	  pt: (1116.5988685344828, -515.9684806034484)
	    --POINT NOT PRINTED (150,150)
	  pt: (1116.9908405172414, -517.3302801724138)
	    --POINT NOT PRINTED (150,150)
	  pt: (1117.209051724138, -518.8011853448277)
	    --POINT NOT PRINTED (150,150)
	  pt: (1117.2413793103449, -520.8620689655173)
	    --POINT NOT PRINTED (150,150)
	  pt: (1116.9504310344828, -523.7068965517242)
	    --POINT NOT PRINTED (150,150)
	  pt: (1116.4008620689656, -525.969827586207)
	    --POINT NOT PRINTED (150,150)
	  pt: (1115.8108836206898, -527.1578663793103)
	    --POINT NOT PRINTED (150,150)
	  pt: (1115.4310344827586, -527.5296336206897)
	    --POINT NOT PRINTED (150,150)
	  pt: (1115.043103448276, -527.5862068965517)
	    --POINT NOT PRINTED (150,150)
	  pt: (1114.5783943965519, -527.3154633620691)
	    --POINT NOT PRINTED (150,150)
	  pt: (1113.8469827586207, -526.551724137931)
	    --POINT NOT PRINTED (150,150)
	  pt: (1112.521551724138, -524.5474137931035)
	    --POINT NOT PRINTED (150,150)
	  pt: (1111.0344827586207, -521.864224137931)
	    --POINT NOT PRINTED (150,150)
	  pt: (1110.0, -519.8275862068966)
	    --POINT NOT PRINTED (150,150)
	  pt: (1110.0, -519.8275862068966)
	    --POINT NOT PRINTED (150,150)
