Input File: img/plane_silhouet.svg
Output File: img/gcode_output/plane_silhouet.gcode
Log File: img/log/plane_silhouet.log

wdth: 672.13031
hght: 542.95483
scale: 0.2231710098
x%: 0.2231710098
y%: 0.276266075393
--Found Elem: <Element '{http://www.w3.org/2000/svg}svg' at 0x7f9313c8e4d0>
  --No Name: svg
--Found Elem: <Element '{http://www.w3.org/2000/svg}defs' at 0x7f9313c8e5d0>
  --No Name: defs
--Found Elem: <Element '{http://sodipodi.sourceforge.net/DTD/sodipodi-0.dtd}namedview' at 0x7f9313c8e690>
  --No Name: namedview
--Found Elem: <Element '{http://www.w3.org/2000/svg}metadata' at 0x7f9313c8e810>
  --No Name: metadata
--Found Elem: <Element '{http://www.w3.org/1999/02/22-rdf-syntax-ns#}RDF' at 0x7f9313c8e850>
  --No Name: RDF
--Found Elem: <Element '{http://web.resource.org/cc/}Work' at 0x7f9313c8e890>
  --No Name: Work
--Found Elem: <Element '{http://purl.org/dc/elements/1.1/}format' at 0x7f9313c8e8d0>
  --No Name: format
--Found Elem: <Element '{http://purl.org/dc/elements/1.1/}type' at 0x7f9313c8e910>
  --No Name: type
--Found Elem: <Element '{http://purl.org/dc/elements/1.1/}title' at 0x7f9313c8e950>
  --No Name: title
--Found Elem: <Element '{http://purl.org/dc/elements/1.1/}subject' at 0x7f9313c8e990>
  --No Name: subject
--Found Elem: <Element '{http://www.w3.org/1999/02/22-rdf-syntax-ns#}Bag' at 0x7f9313c8e9d0>
  --No Name: Bag
--Found Elem: <Element '{http://www.w3.org/1999/02/22-rdf-syntax-ns#}li' at 0x7f9313c8ea10>
  --No Name: li
--Found Elem: <Element '{http://www.w3.org/1999/02/22-rdf-syntax-ns#}li' at 0x7f9313c8ea50>
  --No Name: li
--Found Elem: <Element '{http://www.w3.org/1999/02/22-rdf-syntax-ns#}li' at 0x7f9313c8ea90>
  --No Name: li
--Found Elem: <Element '{http://www.w3.org/1999/02/22-rdf-syntax-ns#}li' at 0x7f9313c8ead0>
  --No Name: li
--Found Elem: <Element '{http://www.w3.org/1999/02/22-rdf-syntax-ns#}li' at 0x7f9313c8eb10>
  --No Name: li
--Found Elem: <Element '{http://www.w3.org/1999/02/22-rdf-syntax-ns#}li' at 0x7f9313c8eb50>
  --No Name: li
--Found Elem: <Element '{http://www.w3.org/1999/02/22-rdf-syntax-ns#}li' at 0x7f9313c8eb90>
  --No Name: li
--Found Elem: <Element '{http://www.w3.org/1999/02/22-rdf-syntax-ns#}li' at 0x7f9313c8ebd0>
  --No Name: li
--Found Elem: <Element '{http://www.w3.org/1999/02/22-rdf-syntax-ns#}li' at 0x7f9313c8ec10>
  --No Name: li
--Found Elem: <Element '{http://www.w3.org/1999/02/22-rdf-syntax-ns#}li' at 0x7f9313c8ec50>
  --No Name: li
--Found Elem: <Element '{http://www.w3.org/1999/02/22-rdf-syntax-ns#}li' at 0x7f9313c8ec90>
  --No Name: li
--Found Elem: <Element '{http://www.w3.org/1999/02/22-rdf-syntax-ns#}li' at 0x7f9313c8ecd0>
  --No Name: li
--Found Elem: <Element '{http://www.w3.org/1999/02/22-rdf-syntax-ns#}li' at 0x7f9313c8ed10>
  --No Name: li
--Found Elem: <Element '{http://www.w3.org/1999/02/22-rdf-syntax-ns#}li' at 0x7f9313c8ed50>
  --No Name: li
--Found Elem: <Element '{http://www.w3.org/1999/02/22-rdf-syntax-ns#}li' at 0x7f9313c8ed90>
  --No Name: li
--Found Elem: <Element '{http://www.w3.org/1999/02/22-rdf-syntax-ns#}li' at 0x7f9313c8edd0>
  --No Name: li
--Found Elem: <Element '{http://www.w3.org/1999/02/22-rdf-syntax-ns#}li' at 0x7f9313c8ee10>
  --No Name: li
--Found Elem: <Element '{http://www.w3.org/1999/02/22-rdf-syntax-ns#}li' at 0x7f9313c8ee50>
  --No Name: li
--Found Elem: <Element '{http://www.w3.org/1999/02/22-rdf-syntax-ns#}li' at 0x7f9313c8ee90>
  --No Name: li
--Found Elem: <Element '{http://www.w3.org/1999/02/22-rdf-syntax-ns#}li' at 0x7f9313c8eed0>
  --No Name: li
--Found Elem: <Element '{http://www.w3.org/1999/02/22-rdf-syntax-ns#}li' at 0x7f9313c8ef10>
  --No Name: li
--Found Elem: <Element '{http://www.w3.org/1999/02/22-rdf-syntax-ns#}li' at 0x7f9313c8ef50>
  --No Name: li
--Found Elem: <Element '{http://www.w3.org/1999/02/22-rdf-syntax-ns#}li' at 0x7f9313c8ef90>
  --No Name: li
--Found Elem: <Element '{http://www.w3.org/1999/02/22-rdf-syntax-ns#}li' at 0x7f9313c8efd0>
  --No Name: li
--Found Elem: <Element '{http://www.w3.org/1999/02/22-rdf-syntax-ns#}li' at 0x7f9313c9d050>
  --No Name: li
--Found Elem: <Element '{http://www.w3.org/1999/02/22-rdf-syntax-ns#}li' at 0x7f9313c9d090>
  --No Name: li
--Found Elem: <Element '{http://www.w3.org/1999/02/22-rdf-syntax-ns#}li' at 0x7f9313c9d0d0>
  --No Name: li
--Found Elem: <Element '{http://www.w3.org/1999/02/22-rdf-syntax-ns#}li' at 0x7f9313c9d110>
  --No Name: li
--Found Elem: <Element '{http://www.w3.org/1999/02/22-rdf-syntax-ns#}li' at 0x7f9313c9d150>
  --No Name: li
--Found Elem: <Element '{http://www.w3.org/1999/02/22-rdf-syntax-ns#}li' at 0x7f9313c9d190>
  --No Name: li
--Found Elem: <Element '{http://purl.org/dc/elements/1.1/}date' at 0x7f9313c9d1d0>
  --No Name: date
--Found Elem: <Element '{http://purl.org/dc/elements/1.1/}creator' at 0x7f9313c9d210>
  --No Name: creator
--Found Elem: <Element '{http://web.resource.org/cc/}Agent' at 0x7f9313c9d250>
  --No Name: Agent
--Found Elem: <Element '{http://purl.org/dc/elements/1.1/}title' at 0x7f9313c9d290>
  --No Name: title
--Found Elem: <Element '{http://web.resource.org/cc/}license' at 0x7f9313c9d2d0>
  --No Name: license
--Found Elem: <Element '{http://web.resource.org/cc/}License' at 0x7f9313c9d310>
  --No Name: License
--Found Elem: <Element '{http://web.resource.org/cc/}permits' at 0x7f9313c9d350>
  --No Name: permits
--Found Elem: <Element '{http://web.resource.org/cc/}permits' at 0x7f9313c9d390>
  --No Name: permits
--Found Elem: <Element '{http://web.resource.org/cc/}permits' at 0x7f9313c9d3d0>
  --No Name: permits
--Found Elem: <Element '{http://www.w3.org/2000/svg}g' at 0x7f9313c9d410>
  --No Name: g
--Found Elem: <Element '{http://www.w3.org/2000/svg}path' at 0x7f9313c9d450>
  --Name: path
	Class : <class 'shapes.path'>
	Object: <Element '{http://www.w3.org/2000/svg}path' at 0x7f9313c9d450>
	Attrs : [('id', 'path1368'), ('style', 'fill:#000000'), ('{http://sodipodi.sourceforge.net/DTD/sodipodi-0.dtd}nodetypes', 'csssssssssssssssssscccssssssccccccscccccssssssscccsssssssssssscccssssssssssssssssssssssssssssssssssssccssssssssc'), ('d', 'M 267.13223,700.01589 C 266.66748,698.80478 264.27896,698.52163 254.52744,698.52163 C 247.91018,698.52163 242.49606,698.29019 242.49606,698.00731 C 242.49606,697.72443 245.73904,693.33693 249.70269,688.25731 C 262.68628,671.61813 276.49606,652.1893 276.49606,650.562 C 276.49606,649.68456 278.74606,645.84139 281.49606,642.02163 C 286.88458,634.53695 287.30265,633.52163 284.99606,633.52163 C 282.44253,633.52163 283.33666,631.96807 286.85613,630.28975 C 289.48348,629.03685 292.4274,625.18922 300.35613,612.64557 C 305.93307,603.82254 310.49607,596.36023 310.49607,596.06266 C 310.49607,595.76509 309.56947,595.52163 308.43707,595.52163 C 305.60307,595.52163 306.83777,593.91134 310.22527,593.18959 C 312.39467,592.72736 314.50507,590.28931 319.94847,581.95697 C 326.74537,571.55255 331.04197,567.08186 334.92497,566.37351 C 338.04707,565.80395 337.27047,564.04808 333.74607,563.70827 C 330.25607,563.37178 329.77357,562.64416 331.73767,560.67999 C 332.72657,559.69113 332.67667,559.25127 331.49257,558.51947 C 330.22407,557.73552 330.29877,557.37922 332.00097,556.09292 C 333.40787,555.02971 333.57287,554.57586 332.56047,554.55343 C 331.77097,554.53594 330.13827,555.44857 328.93237,556.5815 L 326.73967,558.64138 L 329.04177,545.8315 C 333.99217,518.28496 334.51727,516.45393 338.79917,511.80865 C 341.50017,508.87835 342.30047,507.41509 341.36147,507.12364 C 340.61047,506.89053 335.49607,505.70352 329.99607,504.48583 C 324.49607,503.26814 315.94607,500.81847 310.99607,499.04212 C 306.04607,497.26577 299.97106,495.09077 297.49606,494.2088 C 294.92138,493.29131 280.37451,491.32201 263.49606,489.60602 C 228.4118,486.0391 216.80059,483.62527 169.09455,469.98107 L 136.19304,460.57106 L 99.965155,489.54634 C 59.082635,522.24444 63.433395,519.97739 47.803925,516.72589 L 39.611795,515.02163 L 60.048415,478.56613 C 71.288565,458.5156 80.150025,441.79927 79.740555,441.41873 C 79.331075,441.03819 73.350235,438.41933 66.449795,435.59904 L 53.903545,430.47125 L 54.295725,427.11191 L 54.687915,423.75257 L 68.096425,423.03442 C 75.471105,422.63944 81.744705,421.92832 82.037755,421.45416 C 82.330795,420.98 75.766105,399.1639 67.449545,372.97394 C 59.132985,346.78398 52.519925,325.16443 52.753855,324.9305 C 52.987785,324.69657 57.412985,324.95108 62.587615,325.49607 C 67.762255,326.04107 72.933505,326.49477 74.079265,326.5043 C 75.675675,326.51758 81.144195,333.70729 97.481025,357.27163 C 109.20622,374.18413 119.86235,389.46207 121.16131,391.2226 C 122.46027,392.98314 131.20678,399.88727 140.59799,406.56511 L 157.67293,418.70664 L 183.3345,419.62879 C 211.94799,420.65702 227.69991,421.96621 273.01757,427.08264 C 302.48416,430.40945 342.73387,434.41042 343.22397,434.06141 C 343.34937,433.97214 343.87887,426.36254 344.40067,417.15118 C 344.95437,407.37712 345.82967,399.82459 346.50277,399.01359 C 347.61967,397.66778 351.05677,396.35202 356.74607,395.09239 C 360.18187,394.33168 360.35787,392.52163 356.99607,392.52163 C 354.50317,392.52163 354.49607,392.49454 354.49607,382.92801 C 354.49607,374.34513 354.29597,373.28207 352.59687,372.83774 C 351.11517,372.45027 350.11497,369.99773 348.04727,361.68136 C 343.24377,342.36216 343.87567,343.81543 339.95927,343.0807 C 336.04237,342.34588 336.18797,340.52163 340.16347,340.52163 C 342.29697,340.52163 342.62677,340.15455 342.18527,338.27163 C 341.89507,337.03413 339.03847,324.57967 335.83727,310.59505 L 330.01687,285.16846 L 326.26667,283.59505 C 321.73607,281.69425 321.44207,280.52163 325.49607,280.52163 C 327.14607,280.52163 328.49607,280.2402 328.49607,279.89624 C 328.49607,279.55227 326.62837,271.38321 324.34567,261.74277 C 320.54327,245.68389 320.33367,244.11353 321.84567,243.00791 C 323.69107,241.65855 324.03217,238.97097 322.47977,238.01155 C 321.92077,237.66609 321.69657,237.00625 321.98147,236.54526 C 322.48177,235.73566 315.33107,211.69342 303.87652,175.67316 C 300.84225,166.1315 298.50286,158.19735 298.67786,158.04172 C 299.35257,157.44173 322.98797,166.4972 323.31597,167.48139 C 323.50667,168.05352 324.21057,168.52163 324.88017,168.52163 C 325.54967,168.52163 327.05627,170.49501 328.22807,172.90693 C 330.85957,178.32335 368.44627,247.32127 412.18227,327.02163 C 430.29117,360.02163 445.40587,387.80913 445.77047,388.77163 C 446.64007,391.06765 452.73617,391.14219 454.61377,388.87977 C 455.79947,387.45117 457.60687,387.32042 468.52827,387.87317 C 486.79617,388.79774 497.10857,390.33094 504.76137,393.26014 C 509.83537,395.20224 511.40787,396.24615 511.05147,397.43563 C 510.79007,398.30793 509.64017,404.64663 508.49607,411.52163 C 507.35197,418.39663 506.17867,424.80913 505.88857,425.77163 C 504.98407,428.77341 491.07387,428.03465 470.58847,423.89689 C 467.41197,423.25527 467.22097,423.36179 467.77177,425.46806 C 468.90947,429.81848 481.00977,449.79761 482.99337,450.60073 C 484.09487,451.04669 505.92107,453.7074 531.49607,456.5134 C 610.54877,465.1868 624.75317,467.49488 651.51197,476.01483 C 674.51187,483.33794 700.75681,497.62479 709.08691,507.35669 C 711.98241,510.73938 712.21991,511.44935 711.17511,513.59761 C 708.63621,518.81756 691.08377,525.31369 670.49607,528.65283 C 660.70147,530.24142 610.41917,530.22837 596.49607,528.63363 C 590.72107,527.97216 567.32107,525.1586 544.49607,522.38127 C 500.66147,517.0475 487.92817,516.5422 477.81247,519.73506 C 472.47097,521.421 472.07497,521.87242 473.67677,524.44891 C 474.86407,526.35866 474.69597,526.80676 471.99607,528.9281 C 463.72157,535.42953 433.89277,560.98035 433.19637,562.1633 C 432.54097,563.27656 434.58436,564.32462 444.33937,563.52163 C 454.30614,562.70121 474.2003,565.67454 477.27847,566.55859 C 485.75024,568.99168 486.47827,568.37767 484.94177,580.04406 C 484.21897,585.53172 483.12397,592.3222 482.50847,595.134 C 481.50293,599.60027 477.94168,600.45124 472.75247,600.78521 C 464.29617,601.31278 448.20427,599.66582 441.99607,597.63738 C 440.34607,597.09827 436.39067,595.93391 433.20627,595.04991 C 428.81867,593.83188 427.19617,592.86297 426.50647,591.04906 C 425.84327,589.30467 424.09107,588.18096 420.04627,586.90593 C 416.99367,585.94368 414.49607,584.61867 414.49607,583.96145 C 414.49607,583.30424 413.85147,582.23155 413.06357,581.57769 C 411.89327,580.6064 409.19427,582.56241 398.31357,592.26716 C 380.15467,608.46363 273.04471,698.26989 268.85084,700.81512 C 268.22098,701.19738 267.4476,700.83773 267.13223,700.01589 z ')]
	Transform: None
	d: M 267.13223,700.01589 C 266.66748,698.80478 264.27896,698.52163 254.52744,698.52163 C 247.91018,698.52163 242.49606,698.29019 242.49606,698.00731 C 242.49606,697.72443 245.73904,693.33693 249.70269,688.25731 C 262.68628,671.61813 276.49606,652.1893 276.49606,650.562 C 276.49606,649.68456 278.74606,645.84139 281.49606,642.02163 C 286.88458,634.53695 287.30265,633.52163 284.99606,633.52163 C 282.44253,633.52163 283.33666,631.96807 286.85613,630.28975 C 289.48348,629.03685 292.4274,625.18922 300.35613,612.64557 C 305.93307,603.82254 310.49607,596.36023 310.49607,596.06266 C 310.49607,595.76509 309.56947,595.52163 308.43707,595.52163 C 305.60307,595.52163 306.83777,593.91134 310.22527,593.18959 C 312.39467,592.72736 314.50507,590.28931 319.94847,581.95697 C 326.74537,571.55255 331.04197,567.08186 334.92497,566.37351 C 338.04707,565.80395 337.27047,564.04808 333.74607,563.70827 C 330.25607,563.37178 329.77357,562.64416 331.73767,560.67999 C 332.72657,559.69113 332.67667,559.25127 331.49257,558.51947 C 330.22407,557.73552 330.29877,557.37922 332.00097,556.09292 C 333.40787,555.02971 333.57287,554.57586 332.56047,554.55343 C 331.77097,554.53594 330.13827,555.44857 328.93237,556.5815 L 326.73967,558.64138 L 329.04177,545.8315 C 333.99217,518.28496 334.51727,516.45393 338.79917,511.80865 C 341.50017,508.87835 342.30047,507.41509 341.36147,507.12364 C 340.61047,506.89053 335.49607,505.70352 329.99607,504.48583 C 324.49607,503.26814 315.94607,500.81847 310.99607,499.04212 C 306.04607,497.26577 299.97106,495.09077 297.49606,494.2088 C 294.92138,493.29131 280.37451,491.32201 263.49606,489.60602 C 228.4118,486.0391 216.80059,483.62527 169.09455,469.98107 L 136.19304,460.57106 L 99.965155,489.54634 C 59.082635,522.24444 63.433395,519.97739 47.803925,516.72589 L 39.611795,515.02163 L 60.048415,478.56613 C 71.288565,458.5156 80.150025,441.79927 79.740555,441.41873 C 79.331075,441.03819 73.350235,438.41933 66.449795,435.59904 L 53.903545,430.47125 L 54.295725,427.11191 L 54.687915,423.75257 L 68.096425,423.03442 C 75.471105,422.63944 81.744705,421.92832 82.037755,421.45416 C 82.330795,420.98 75.766105,399.1639 67.449545,372.97394 C 59.132985,346.78398 52.519925,325.16443 52.753855,324.9305 C 52.987785,324.69657 57.412985,324.95108 62.587615,325.49607 C 67.762255,326.04107 72.933505,326.49477 74.079265,326.5043 C 75.675675,326.51758 81.144195,333.70729 97.481025,357.27163 C 109.20622,374.18413 119.86235,389.46207 121.16131,391.2226 C 122.46027,392.98314 131.20678,399.88727 140.59799,406.56511 L 157.67293,418.70664 L 183.3345,419.62879 C 211.94799,420.65702 227.69991,421.96621 273.01757,427.08264 C 302.48416,430.40945 342.73387,434.41042 343.22397,434.06141 C 343.34937,433.97214 343.87887,426.36254 344.40067,417.15118 C 344.95437,407.37712 345.82967,399.82459 346.50277,399.01359 C 347.61967,397.66778 351.05677,396.35202 356.74607,395.09239 C 360.18187,394.33168 360.35787,392.52163 356.99607,392.52163 C 354.50317,392.52163 354.49607,392.49454 354.49607,382.92801 C 354.49607,374.34513 354.29597,373.28207 352.59687,372.83774 C 351.11517,372.45027 350.11497,369.99773 348.04727,361.68136 C 343.24377,342.36216 343.87567,343.81543 339.95927,343.0807 C 336.04237,342.34588 336.18797,340.52163 340.16347,340.52163 C 342.29697,340.52163 342.62677,340.15455 342.18527,338.27163 C 341.89507,337.03413 339.03847,324.57967 335.83727,310.59505 L 330.01687,285.16846 L 326.26667,283.59505 C 321.73607,281.69425 321.44207,280.52163 325.49607,280.52163 C 327.14607,280.52163 328.49607,280.2402 328.49607,279.89624 C 328.49607,279.55227 326.62837,271.38321 324.34567,261.74277 C 320.54327,245.68389 320.33367,244.11353 321.84567,243.00791 C 323.69107,241.65855 324.03217,238.97097 322.47977,238.01155 C 321.92077,237.66609 321.69657,237.00625 321.98147,236.54526 C 322.48177,235.73566 315.33107,211.69342 303.87652,175.67316 C 300.84225,166.1315 298.50286,158.19735 298.67786,158.04172 C 299.35257,157.44173 322.98797,166.4972 323.31597,167.48139 C 323.50667,168.05352 324.21057,168.52163 324.88017,168.52163 C 325.54967,168.52163 327.05627,170.49501 328.22807,172.90693 C 330.85957,178.32335 368.44627,247.32127 412.18227,327.02163 C 430.29117,360.02163 445.40587,387.80913 445.77047,388.77163 C 446.64007,391.06765 452.73617,391.14219 454.61377,388.87977 C 455.79947,387.45117 457.60687,387.32042 468.52827,387.87317 C 486.79617,388.79774 497.10857,390.33094 504.76137,393.26014 C 509.83537,395.20224 511.40787,396.24615 511.05147,397.43563 C 510.79007,398.30793 509.64017,404.64663 508.49607,411.52163 C 507.35197,418.39663 506.17867,424.80913 505.88857,425.77163 C 504.98407,428.77341 491.07387,428.03465 470.58847,423.89689 C 467.41197,423.25527 467.22097,423.36179 467.77177,425.46806 C 468.90947,429.81848 481.00977,449.79761 482.99337,450.60073 C 484.09487,451.04669 505.92107,453.7074 531.49607,456.5134 C 610.54877,465.1868 624.75317,467.49488 651.51197,476.01483 C 674.51187,483.33794 700.75681,497.62479 709.08691,507.35669 C 711.98241,510.73938 712.21991,511.44935 711.17511,513.59761 C 708.63621,518.81756 691.08377,525.31369 670.49607,528.65283 C 660.70147,530.24142 610.41917,530.22837 596.49607,528.63363 C 590.72107,527.97216 567.32107,525.1586 544.49607,522.38127 C 500.66147,517.0475 487.92817,516.5422 477.81247,519.73506 C 472.47097,521.421 472.07497,521.87242 473.67677,524.44891 C 474.86407,526.35866 474.69597,526.80676 471.99607,528.9281 C 463.72157,535.42953 433.89277,560.98035 433.19637,562.1633 C 432.54097,563.27656 434.58436,564.32462 444.33937,563.52163 C 454.30614,562.70121 474.2003,565.67454 477.27847,566.55859 C 485.75024,568.99168 486.47827,568.37767 484.94177,580.04406 C 484.21897,585.53172 483.12397,592.3222 482.50847,595.134 C 481.50293,599.60027 477.94168,600.45124 472.75247,600.78521 C 464.29617,601.31278 448.20427,599.66582 441.99607,597.63738 C 440.34607,597.09827 436.39067,595.93391 433.20627,595.04991 C 428.81867,593.83188 427.19617,592.86297 426.50647,591.04906 C 425.84327,589.30467 424.09107,588.18096 420.04627,586.90593 C 416.99367,585.94368 414.49607,584.61867 414.49607,583.96145 C 414.49607,583.30424 413.85147,582.23155 413.06357,581.57769 C 411.89327,580.6064 409.19427,582.56241 398.31357,592.26716 C 380.15467,608.46363 273.04471,698.26989 268.85084,700.81512 C 268.22098,701.19738 267.4476,700.83773 267.13223,700.01589 z 
	m: None
	d is GOOD!
	Points: <generator object point_generator at 0x7f9313d05f50>
	  pt: (59.61616951927075, -6.223253047463373)
	    --POINT NOT PRINTED (150,150)
	  pt: (59.5902398375696, -6.155681887043613)
	    --POINT NOT PRINTED (150,150)
	  pt: (59.340351561626505, -6.013188243400322)
	    --POINT NOT PRINTED (150,150)
	  pt: (58.56860033584856, -5.905575252215613)
	    --POINT NOT PRINTED (150,150)
	  pt: (56.06475550849657, -5.889777534359382)
	    --POINT NOT PRINTED (150,150)
	  pt: (54.42015923965697, -5.835256856665211)
	    --POINT NOT PRINTED (150,150)
	  pt: (54.11809058276214, -5.711865605346674)
	    --POINT NOT PRINTED (150,150)
	  pt: (56.45079169990117, -2.6707332243356063)
	    --POINT NOT PRINTED (150,150)
	  pt: (58.57950900454854, 0.16525171659051807)
	    --Point printed
	  pt: (60.369078904877846, 2.6602807311278696)
	    --Point printed
	  pt: (61.51328350673547, 4.383539341128653)
	    --Point printed
	  pt: (61.70590491596786, 4.911331107802596)
	    --Point printed
	  pt: (62.23593606424326, 5.865618714620979)
	    --Point printed
	  pt: (63.12240032740081, 7.136975417757924)
	    --Point printed
	  pt: (63.693339907368575, 7.97660584969006)
	    --Point printed
	  pt: (63.88363127177676, 8.360608395267889)
	    --Point printed
	  pt: (63.90048100556851, 8.499196650851104)
	    --Point printed
	  pt: (63.82223643879414, 8.602176228297168)
	    --Point printed
	  pt: (63.460390032105536, 8.616338102651554)
	    --Point printed
	  pt: (63.292272102339794, 8.695542051957148)
	    --Point printed
	  pt: (63.27434358952657, 8.772689898853116)
	    --Point printed
	  pt: (63.340587370624604, 8.903260143111254)
	    --Point printed
	  pt: (63.6618690987169, 9.152064017169522)
	    --Point printed
	  pt: (64.1645592876179, 9.407502765349165)
	    --Point printed
	  pt: (64.65895518645782, 9.840720865013509)
	    --Point printed
	  pt: (65.31007153211107, 10.661293538822889)
	    --Point printed
	  pt: (66.21557855908922, 11.996873697750658)
	    --Point printed
	  pt: (68.2753921631655, 15.244314008097632)
	    --Point printed
	  pt: (69.29372148088366, 17.009298762318878)
	    --Point printed
	  pt: (69.07544907474863, 17.08325317154646)
	    --Point printed
	  pt: (68.67609571126171, 17.096836475057955)
	    --Point printed
	  pt: (68.49778678194487, 17.17360867981276)
	    --Point printed
	  pt: (68.48176101121301, 17.24292573493858)
	    --Point printed
	  pt: (68.55524163536086, 17.351644067725488)
	    --Point printed
	  pt: (68.88531853294937, 17.524349835525186)
	    --Point printed
	  pt: (69.3543235685949, 17.643069280717327)
	    --Point printed
	  pt: (69.7369753716359, 17.88555985613118)
	    --Point printed
	  pt: (70.20931402424034, 18.402716199110245)
	    --Point printed
	  pt: (70.84230790752467, 19.276521644664427)
	    --Point printed
	  pt: (71.78244089304647, 20.704566574300145)
	    --Point printed
	  pt: (72.76027373880817, 22.047359829487533)
	    --Point printed
	  pt: (73.58707002441238, 22.95413830355305)
	    --Point printed
	  pt: (74.18875946605876, 23.394308337089768)
	    --Point printed
	  pt: (74.52745826177664, 23.549211596520593)
	    --Point printed
	  pt: (74.91973431461527, 23.633629169319875)
	    --Point printed
	  pt: (75.14371135533601, 23.76564808983062)
	    --Point printed
	  pt: (75.18592275702089, 23.85641452915395)
	    --Point printed
	  pt: (75.14295972234909, 23.98014805157348)
	    --Point printed
	  pt: (74.83739258091187, 24.138986809715504)
	    --Point printed
	  pt: (74.28773075268693, 24.21542985466614)
	    --Point printed
	  pt: (73.90941474392072, 24.304924777161133)
	    --Point printed
	  pt: (73.76714671222014, 24.450737182943)
	    --Point printed
	  pt: (73.84919134951673, 24.67055518780282)
	    --Point printed
	  pt: (74.14457770845061, 24.98282289932736)
	    --Point printed
	  pt: (74.18050824102843, 25.20761747822384)
	    --Point printed
	  pt: (73.90875848167002, 25.39838461532854)
	    --Point printed
	  pt: (73.7920979285252, 25.509244465742086)
	    --Point printed
	  pt: (73.8039127412659, 25.661003890748518)
	    --Point printed
	  pt: (74.24998137637924, 26.014820325540725)
	    --Point printed
	  pt: (74.36799839081802, 26.182871722449136)
	    --Point printed
	  pt: (74.31440247799569, 26.23123064856277)
	    --Point printed
	  pt: (74.12975915339987, 26.24170266923386)
	    --Point printed
	  pt: (73.7011034363262, 26.027690597675914)
	    --Point printed
	  pt: (73.40816916886251, 25.787144608907752)
	    --Point printed
	  pt: (72.91882209567368, 25.327439109240572)
	    --Point printed
	  pt: (73.70878051906332, 29.72313025133475)
	    --Point printed
	  pt: (74.28580799495563, 32.73936748775694)
	    --Point printed
	  pt: (74.64902578749945, 34.149324686012136)
	    --Point printed
	  pt: (74.86546426842625, 34.72469640736405)
	    --Point printed
	  pt: (75.18475546802823, 35.30005452923257)
	    --Point printed
	  pt: (75.91154533709394, 36.10612576004792)
	    --Point printed
	  pt: (76.24759903328864, 36.60852624508185)
	    --Point printed
	  pt: (76.26250267228687, 36.775838945947854)
	    --Point printed
	  pt: (76.01438253840986, 36.8767285617576)
	    --Point printed
	  pt: (73.03183589503648, 37.549264442485864)
	    --Point printed
	  pt: (70.71085739311474, 38.19426994744515)
	    --Point printed
	  pt: (68.30061048727292, 39.024695970041876)
	    --Point printed
	  pt: (66.24884763789332, 39.75811234431609)
	    --Point printed
	  pt: (65.05018491596518, 39.97593241071067)
	    --Point printed
	  pt: (62.44137725316985, 40.33703802912861)
	    --Point printed
	  pt: (56.847234355492766, 40.933138396927816)
	    --Point printed
	  pt: (52.95166784231915, 41.43109760451436)
	    --Point printed
	  pt: (50.78382639307324, 41.790800209560544)
	    --Point printed
	  pt: (48.58780472197423, 42.23433180873809)
	    --Point printed
	  pt: (46.2078158298277, 42.79407868259021)
	    --Point printed
	  pt: (42.55684655665952, 43.74799838851189)
	    --Point printed
	  pt: (37.73700147520501, 45.11385002113653)
	    --Point printed
	  pt: (30.394338264554683, 47.213891455066204)
	    --Point printed
	  pt: (20.02837626828643, 38.92313195933687)
	    --Point printed
	  pt: (16.50859080273623, 36.13540297202562)
	    --Point printed
	  pt: (15.086380365317478, 35.11617765757356)
	    --Point printed
	  pt: (14.042046934879341, 34.53227233012302)
	    --Point printed
	  pt: (13.205038579242357, 34.29481776546238)
	    --Point printed
	  pt: (12.404803366227078, 34.31494473938021)
	    --Point printed
	  pt: (11.47078936365405, 34.50378402766496)
	    --Point printed
	  pt: (10.6684502146615, 34.68176133880942)
	    --Point printed
	  pt: (8.840204290147248, 35.06210276397147)
	    --Point printed
	  pt: (14.65530322535224, 45.435262025305775)
	    --Point printed
	  pt: (16.97164032819767, 49.740490659095556)
	    --Point printed
	  pt: (17.71215842244936, 51.21781886127111)
	    --Point printed
	  pt: (17.70439611628287, 51.573061777261614)
	    --Point printed
	  pt: (14.829667851164158, 52.78692237521619)
	    --Point printed
	  pt: (12.029708569458801, 53.931296447559404)
	    --Point printed
	  pt: (12.11723177608223, 54.68100374762149)
	    --Point printed
	  pt: (12.204757214415759, 55.43071104768359)
	    --Point printed
	  pt: (16.02005532230796, 55.63505535109702)
	    --Point printed
	  pt: (17.62741536868052, 55.792649512413746)
	    --Point printed
	  pt: (18.192330656461547, 55.887434982659826)
	    --Point printed
	  pt: (18.32479813326675, 55.9701042198201)
	    --Point printed
	  pt: (17.93119086535467, 57.41953827748074)
	    --Point printed
	  pt: (16.811056512240906, 61.16221904945782)
	    --Point printed
	  pt: (14.124775521580034, 69.6854490909657)
	    --Point printed
	  pt: (12.102937114977006, 76.23956320315327)
	    --Point printed
	  pt: (11.799234288362923, 77.51103539728777)
	    --Point printed
	  pt: (12.854726600560538, 77.46413266201311)
	    --Point printed
	  pt: (15.122570874686486, 77.23708517177272)
	    --Point printed
	  pt: (16.576878429273634, 77.13333520102672)
	    --Point printed
	  pt: (16.784090759126755, 76.99908242588405)
	    --Point printed
	  pt: (17.20745355725737, 76.56610186386327)
	    --Point printed
	  pt: (18.715404866952063, 74.61262143497144)
	    --Point printed
	  pt: (24.37166239385931, 66.49294985670264)
	    --Point printed
	  pt: (27.11216445513371, 62.59223192895436)
	    --Point printed
	  pt: (27.80153754243727, 61.97628705548185)
	    --Point printed
	  pt: (29.317519172733036, 60.76937948981947)
	    --Point printed
	  pt: (31.377395404173935, 59.266453851783595)
	    --Point printed
	  pt: (35.18802700625122, 56.55681634116456)
	    --Point printed
	  pt: (42.51137086051066, 56.293651412625636)
	    --Point printed
	  pt: (46.699561014998714, 56.07736104402136)
	    --Point printed
	  pt: (50.99494578476903, 55.73918694426979)
	    --Point printed
	  pt: (56.285201321303305, 55.205351288204824)
	    --Point printed
	  pt: (64.21765111292183, 54.316312189521696)
	    --Point printed
	  pt: (74.26996578237932, 53.294885258187506)
	    --Point printed
	  pt: (76.62562561715154, 53.149999291060084)
	    --Point printed
	  pt: (76.92203019381762, 57.99459334009204)
	    --Point printed
	  pt: (77.12634604292731, 60.036283365944314)
	    --Point printed
	  pt: (77.25144455247079, 60.76720622262965)
	    --Point printed
	  pt: (77.39168800466683, 61.02682063988455)
	    --Point printed
	  pt: (77.7399714721986, 61.249802372772024)
	    --Point printed
	  pt: (78.47135029515333, 61.542587813068565)
	    --Point printed
	  pt: (79.8070734230093, 61.86927446405444)
	    --Point printed
	  pt: (80.15287132341942, 62.04984108196966)
	    --Point printed
	  pt: (80.21513324551603, 62.20790724997211)
	    --Point printed
	  pt: (80.16454491075547, 62.290439507207495)
	    --Point printed
	  pt: (79.99695568706015, 62.37530454659901)
	    --Point printed
	  pt: (79.53208768400877, 62.400551464492054)
	    --Point printed
	  pt: (79.31009791138938, 62.451817907852956)
	    --Point printed
	  pt: (79.2228969776523, 62.55293383301483)
	    --Point printed
	  pt: (79.14861154305034, 62.804637308723656)
	    --Point printed
	  pt: (79.11334494422665, 63.607141150947356)
	    --Point printed
	  pt: (79.11324591209106, 65.02043182667956)
	    --Point printed
	  pt: (79.09023209911484, 65.9807088552144)
	    --Point printed
	  pt: (79.01423748841205, 66.50417410315866)
	    --Point printed
	  pt: (78.85808612767367, 66.73521412276439)
	    --Point printed
	  pt: (78.60673140897336, 66.81504309037929)
	    --Point printed
	  pt: (78.38150443624541, 67.0504099774194)
	    --Point printed
	  pt: (78.07595263781515, 67.7543921877292)
	    --Point printed
	  pt: (77.40606021769797, 70.36107700603475)
	    --Point printed
	  pt: (76.9115014040209, 72.30612791718171)
	    --Point printed
	  pt: (76.64531697171937, 73.03367531234383)
	    --Point printed
	  pt: (76.48834833433378, 73.25044160184412)
	    --Point printed
	  pt: (76.24262650422654, 73.38286715562641)
	    --Point printed
	  pt: (75.65051894475641, 73.47533136840681)
	    --Point printed
	  pt: (75.2766154452996, 73.65398185398007)
	    --Point printed
	  pt: (75.23377079587439, 73.81195498756782)
	    --Point printed
	  pt: (75.30968956330433, 73.89471813090455)
	    --Point printed
	  pt: (75.524437087951, 73.97999899193654)
	    --Point printed
	  pt: (76.03365893438135, 74.00544397410079)
	    --Point printed
	  pt: (76.27216876664883, 74.03905603885056)
	    --Point printed
	  pt: (76.38852873633984, 74.13543495010663)
	    --Point printed
	  pt: (76.40433900756537, 74.31861538873318)
	    --Point printed
	  pt: (76.30106801759915, 74.78375287077888)
	    --Point printed
	  pt: (74.94914267443168, 80.68418905256631)
	    --Point printed
	  pt: (73.6501981289908, 86.35866681864117)
	    --Point printed
	  pt: (72.56048756378803, 86.81585718102787)
	    --Point printed
	  pt: (72.09840501390273, 87.0801262481378)
	    --Point printed
	  pt: (72.00141210340597, 87.24144401775304)
	    --Point printed
	  pt: (72.05407261586299, 87.31332297145995)
	    --Point printed
	  pt: (72.24956571293444, 87.37934863776638)
	    --Point printed
	  pt: (72.82540271097132, 87.39570456211086)
	    --Point printed
	  pt: (73.23547944147913, 87.46200030020964)
	    --Point printed
	  pt: (73.3107996572867, 87.61203761217077)
	    --Point printed
	  pt: (72.17240433629605, 92.4825708276718)
	    --Point printed
	  pt: (71.77348057700299, 94.25783832565146)
	    --Point printed
	  pt: (71.62303542002145, 95.21178685201683)
	    --Point printed
	  pt: (71.667015451959, 95.57605002638923)
	    --Point printed
	  pt: (71.74826783217081, 95.70437318267196)
	    --Point printed
	  pt: (71.92958311908296, 95.84296384431764)
	    --Point printed
	  pt: (72.13083734090195, 96.140760868603)
	    --Point printed
	  pt: (72.19534073682826, 96.46501146853502)
	    --Point printed
	  pt: (72.1149503546418, 96.75155997651706)
	    --Point printed
	  pt: (71.9057596137868, 96.92127037091959)
	    --Point printed
	  pt: (71.82175246642278, 97.09598146972422)
	    --Point printed
	  pt: (71.88484291089327, 97.25512527474024)
	    --Point printed
	  pt: (71.45833765572186, 98.93241009879469)
	    --Point printed
	  pt: (70.13262967563537, 103.42445239525055)
	    --Point printed
	  pt: (67.47784927300779, 111.85955443669843)
	    --Point printed
	  pt: (66.75746943327107, 114.26095261200169)
	    --Point printed
	  pt: (66.6938835491588, 114.76314485058708)
	    --Point printed
	  pt: (68.08543743827741, 114.31381722132127)
	    --Point printed
	  pt: (70.10783942142112, 113.55094436598165)
	    --Point printed
	  pt: (71.7930554642001, 112.84541014078059)
	    --Point printed
	  pt: (72.17603086520529, 112.55916765604574)
	    --Point printed
	  pt: (72.35248660337905, 112.4169748050791)
	    --Point printed
	  pt: (72.54118885071557, 112.3908576597297)
	    --Point printed
	  pt: (72.70345579453186, 112.26393640096367)
	    --Point printed
	  pt: (72.97079862385613, 111.9259890987508)
	    --Point printed
	  pt: (73.54462708280482, 110.80779187000212)
	    --Point printed
	  pt: (82.56961250564642, 94.20794384350856)
	    --Point printed
	  pt: (96.02851491699579, 69.65360928299751)
	    --Point printed
	  pt: (99.50730461776081, 63.1733921135025)
	    --Point printed
	  pt: (99.66297215072402, 63.020072897489925)
	    --Point printed
	  pt: (99.97574614660661, 62.880771122343816)
	    --Point printed
	  pt: (100.59384894426202, 62.84133596802084)
	    --Point printed
	  pt: (101.09350965644595, 62.962733814035246)
	    --Point printed
	  pt: (101.33714754007299, 63.09523148866772)
	    --Point printed
	  pt: (101.52276758654136, 63.29301456439302)
	    --Point printed
	  pt: (101.8238120279831, 63.44590239781776)
	    --Point printed
	  pt: (102.63308241522392, 63.52317640607518)
	    --Point printed
	  pt: (105.58114355830793, 63.38636867157501)
	    --Point printed
	  pt: (108.12090287782142, 63.183678135085145)
	    --Point printed
	  pt: (110.14260975301055, 62.908087114461466)
	    --Point printed
	  pt: (111.75706649801286, 62.54312203239279)
	    --Point printed
	  pt: (113.21428950287928, 62.01902723297809)
	    --Point printed
	  pt: (113.91412310359877, 61.63402599713142)
	    --Point printed
	  pt: (114.06473703365647, 61.43458741095904)
	    --Point printed
	  pt: (113.99353571779854, 61.10921705048534)
	    --Point printed
	  pt: (113.22625146900458, 56.626001585912704)
	    --Point printed
	  pt: (112.87443074096748, 54.896376604411714)
	    --Point printed
	  pt: (112.57758235039088, 54.710079704679956)
	    --Point printed
	  pt: (112.03104849052636, 54.60085247224977)
	    --Point printed
	  pt: (111.25164675330964, 54.56780168258963)
	    --Point printed
	  pt: (109.91299746994002, 54.62826090598412)
	    --Point printed
	  pt: (107.21586562581889, 54.984198860188286)
	    --Point printed
	  pt: (104.84447837205855, 55.43430075337622)
	    --Point printed
	  pt: (104.50536514080135, 55.48078915772298)
	    --Point printed
	  pt: (104.35351470386748, 55.42975099389581)
	    --Point printed
	  pt: (104.34198373675487, 55.254999724309414)
	    --Point printed
	  pt: (104.45657368137438, 54.805141505967796)
	    --Point printed
	  pt: (105.26453293893265, 53.22974624332892)
	    --Point printed
	  pt: (106.40190655514405, 51.31732342200131)
	    --Point printed
	  pt: (107.26797483614078, 50.02525909931066)
	    --Point printed
	  pt: (107.64417019725686, 49.550655993236646)
	    --Point printed
	  pt: (107.91302954333365, 49.38921739744187)
	    --Point printed
	  pt: (113.11607194146623, 48.73755525918776)
	    --Point printed
	  pt: (123.02508236832824, 47.63553067559177)
	    --Point printed
	  pt: (130.83829680614687, 46.71510137134905)
	    --Point printed
	  pt: (134.41967473307002, 46.23499521687803)
	    --Point printed
	  pt: (137.31904536673846, 45.77842295101229)
	    --Point printed
	  pt: (139.73883884840538, 45.312491633993005)
	    --Point printed
	  pt: (141.88148531932373, 44.80430832606143)
	    --Point printed
	  pt: (143.94941492074656, 44.220980087458784)
	    --Point printed
	  pt: (146.04019810533467, 43.56300147734744)
	    --Point printed
	  pt: (148.00317135722165, 42.83876389133064)
	    --Point printed
	  pt: (149.96025275496802, 42.00899518581636)
	    --Point printed
	  pt: (151.85610317607163, 41.10382002110387)
	    --POINT NOT PRINTED (150,150)
	  pt: (153.6353834980303, 40.15336305749251)
	    --POINT NOT PRINTED (150,150)
	  pt: (155.24275459834195, 39.187748955281634)
	    --POINT NOT PRINTED (150,150)
	  pt: (156.62287735450437, 38.237102374770515)
	    --POINT NOT PRINTED (150,150)
	  pt: (157.72041264401543, 37.331547976258506)
	    --POINT NOT PRINTED (150,150)
	  pt: (158.4091896555, 36.583965578043916)
	    --POINT NOT PRINTED (150,150)
	  pt: (158.71805624083518, 36.175504256942375)
	    --POINT NOT PRINTED (150,150)
	  pt: (158.84285416692487, 35.87603826220841)
	    --POINT NOT PRINTED (150,150)
	  pt: (158.81236621734854, 35.59955588262339)
	    --POINT NOT PRINTED (150,150)
	  pt: (158.64284133384788, 35.234285056271304)
	    --POINT NOT PRINTED (150,150)
	  pt: (158.17904061128044, 34.779046158730566)
	    --POINT NOT PRINTED (150,150)
	  pt: (157.44289119415697, 34.31256533540537)
	    --POINT NOT PRINTED (150,150)
	  pt: (156.46571970173463, 33.84643659050097)
	    --POINT NOT PRINTED (150,150)
	  pt: (155.2788527532704, 33.392253928222644)
	    --POINT NOT PRINTED (150,150)
	  pt: (153.91361696802142, 32.96161135277566)
	    --POINT NOT PRINTED (150,150)
	  pt: (152.4013389652447, 32.56610286836526)
	    --POINT NOT PRINTED (150,150)
	  pt: (150.7733453641973, 32.217322479196795)
	    --POINT NOT PRINTED (150,150)
	  pt: (149.3620511623706, 31.97569819087613)
	    --Point printed
	  pt: (147.90342924141265, 31.870658056317808)
	    --Point printed
	  pt: (145.16170146567265, 31.777047607591157)
	    --Point printed
	  pt: (139.9899553146175, 31.756196251958926)
	    --Point printed
	  pt: (135.9429560081326, 31.84601984607157)
	    --Point printed
	  pt: (134.024224595674, 31.940839471943306)
	    --Point printed
	  pt: (131.8318177021358, 32.17191990642408)
	    --Point printed
	  pt: (119.07008478757642, 33.7172301826412)
	    --Point printed
	  pt: (113.70351173978453, 34.28112815932225)
	    --Point printed
	  pt: (110.69904830842997, 34.450488314721284)
	    --Point printed
	  pt: (109.30658299239437, 34.44307855772696)
	    --Point printed
	  pt: (108.1675318450339, 34.35041196545467)
	    --Point printed
	  pt: (107.20740186527223, 34.17544462099917)
	    --Point printed
	  pt: (106.33587443780061, 33.91613859818342)
	    --Point printed
	  pt: (105.7661697606674, 33.6966153882794)
	    --Point printed
	  pt: (105.55972402323293, 33.52271077371144)
	    --Point printed
	  pt: (105.52286985907354, 33.40394930088502)
	    --Point printed
	  pt: (105.56005110824417, 33.216065228110295)
	    --Point printed
	  pt: (105.7771658147659, 32.85165695771106)
	    --Point printed
	  pt: (105.87316282463144, 32.6120801587939)
	    --Point printed
	  pt: (105.82291029249969, 32.4073755039406)
	    --Point printed
	  pt: (105.60179524562729, 32.17195394000308)
	    --Point printed
	  pt: (104.41252530331506, 31.233116462193166)
	    --Point printed
	  pt: (99.4149076352471, 26.98495781643888)
	    --Point printed
	  pt: (97.16092367564856, 25.013336374087913)
	    --Point printed
	  pt: (96.65858804968936, 24.510392746608915)
	    --Point printed
	  pt: (96.65516222648942, 24.419918600285072)
	    --Point printed
	  pt: (96.75378115573304, 24.310003103230088)
	    --Point printed
	  pt: (97.23295672196365, 24.19594465431858)
	    --Point printed
	  pt: (98.18271130712733, 24.174525537689263)
	    --Point printed
	  pt: (99.44170266253877, 24.26119553364586)
	    --Point printed
	  pt: (100.42558548258857, 24.26883944584813)
	    --Point printed
	  pt: (101.89379469064563, 24.197851859820176)
	    --Point printed
	  pt: (104.15262118219309, 23.958241027324007)
	    --Point printed
	  pt: (105.93668636034285, 23.688336194807206)
	    --Point printed
	  pt: (106.98738147220291, 23.42479857068193)
	    --Point printed
	  pt: (107.76565471382514, 23.175261126540335)
	    --Point printed
	  pt: (108.07292119789055, 22.991926281471393)
	    --Point printed
	  pt: (108.26593662600189, 22.73872443908978)
	    --Point printed
	  pt: (108.35903069536936, 22.37556981440288)
	    --Point printed
	  pt: (108.3648095430334, 21.681492090425138)
	    --Point printed
	  pt: (108.06363649929729, 19.32629477757075)
	    --Point printed
	  pt: (107.65385156488479, 17.058751505344247)
	    --Point printed
	  pt: (107.52594817060567, 16.74530588676882)
	    --Point printed
	  pt: (107.34780859844535, 16.49669667711086)
	    --Point printed
	  pt: (107.12185917931413, 16.304820938014956)
	    --Point printed
	  pt: (106.75765049005155, 16.116228916235002)
	    --Point printed
	  pt: (106.06097964098659, 15.966635435619622)
	    --Point printed
	  pt: (105.03284586288038, 15.892723428883897)
	    --Point printed
	  pt: (103.20711242549082, 15.943568549787642)
	    --Point printed
	  pt: (101.23108726118899, 16.12637859427886)
	    --Point printed
	  pt: (99.47131410797408, 16.40363886431487)
	    --Point printed
	  pt: (98.27247710343549, 16.74497613416662)
	    --Point printed
	  pt: (96.43428444701445, 17.270067950067613)
	    --Point printed
	  pt: (95.87995764727528, 17.464196321543653)
	    --Point printed
	  pt: (95.50592512707843, 17.667998040439528)
	    --Point printed
	  pt: (95.27385098880603, 17.90436459412163)
	    --Point printed
	  pt: (95.14687784278021, 18.192308757806188)
	    --Point printed
	  pt: (94.95153067862688, 18.44637890976827)
	    --Point printed
	  pt: (94.63146997492198, 18.67004089578998)
	    --Point printed
	  pt: (94.16151367284715, 18.87944671770566)
	    --Point printed
	  pt: (93.40152432643605, 19.126984096283337)
	    --Point printed
	  pt: (92.75510670691223, 19.43325157624568)
	    --Point printed
	  pt: (92.53834349473095, 19.59408283305956)
	    --Point printed
	  pt: (92.50350650010115, 19.750068628804996)
	    --Point printed
	  pt: (92.35165536575788, 20.039429370474295)
	    --Point printed
	  pt: (92.15116689946628, 20.23581511671452)
	    --Point printed
	  pt: (92.02077243724881, 20.261860219672315)
	    --Point printed
	  pt: (91.76962537219904, 20.187705584204366)
	    --Point printed
	  pt: (91.1072008119973, 19.733016689873722)
	    --Point printed
	  pt: (89.99205014649615, 18.797968376846484)
	    --Point printed
	  pt: (87.87890662154487, 16.919494190047743)
	    --Point printed
	  pt: (79.97407054611925, 10.196869506599086)
	    --Point printed
	  pt: (69.97739596619293, 1.801618554443678)
	    --Point printed
	  pt: (61.903181532982785, -4.900473977657697)
	    --POINT NOT PRINTED (150,150)
	  pt: (59.92943020230705, -6.444272688729058)
	    --POINT NOT PRINTED (150,150)
	  pt: (59.71210459918108, -6.380877057902637)
	    --POINT NOT PRINTED (150,150)
	  pt: (59.61616951927075, -6.223253047463373)
	    --POINT NOT PRINTED (150,150)
	  pt: (59.61616951927075, -6.223253047463373)
	    --POINT NOT PRINTED (150,150)
